[BASELINE] Baseline modules not available: No module named 'src'
================================================================================
[PRE-PASO] VALIDAR SINCRONIZACION CON 5 DATASETS OE2
================================================================================
  [OK] solar: 8,760 filas x 11 columnas (pv_generation_citylearn2024.csv)
  [OK] chargers_hourly: 8,760 filas x 353 columnas (chargers_ev_ano_2024_v3.csv)
  [OK] chargers_stats: 38 filas x 4 columnas (chargers_real_statistics.csv)
  [OK] bess: 8,760 filas x 25 columnas (bess_ano_2024.csv)
  [OK] mall_demand: 8,760 filas x 2 columnas (demandamallhorakwh.csv)

  SINCRONIZACION OE2 -> CityLearn:
    Solar PVGIS:          8,760 horas
    Chargers 38 sockets:          8,760 horas x 38 sockets (19 chargers ├ù 2)
    BESS SOC:             8,760 horas
    Mall Demand:          8,760 horas
  [OK] Todos los datasets OE2 sincronizados
================================================================================

[PRE-PASO] LIMPIEZA DE CHECKPOINTS PPO
--------------------------------------------------------------------------------
  No hay checkpoints previos

================================================================================
ENTRENAR PPO - MULTIOBJETIVO CON DATOS REALES - 10 EPISODIOS
================================================================================
Inicio: 2026-02-14 08:30:29

GPU DISPONIBLE: NVIDIA GeForce RTX 4060 Laptop GPU
  RAM: 8.6 GB
  CUDA: 12.1

2026-02-14 08:30:30,634 | __main__ | INFO | Device: cuda | Batch: 256 | Epochs: 3
[PASO 1] Cargar configuracion y contexto OE2
--------------------------------------------------------------------------------
2026-02-14 08:30:30,649 | __main__ | INFO | Config validado: default.yaml OK
  REWARD WEIGHTS (ACTUALIZADOS 2026-02-07):
    CO2 grid (0.50): Minimizar importacion grid
    Solar (0.20): Autoconsumo PV
    EV satisfaction (0.30): SOC 90% (PRIORIDAD MAXIMA)
    Cost (0.10): Minimizar costo
    Grid stability (0.05): Suavizar picos
  [Valores cargados: CO2=0.35, Solar=0.20, EV=0.30, Cost=0.10, Grid=0.05]

[PASO 2] Cargar datos OE2 (8760 horas = 1 ano)
--------------------------------------------------------------------------------
2026-02-14 08:30:30,656 | __main__ | INFO | Solar REAL (CityLearn v2): columna='potencia_kw' | 8292514 kWh/ano (8760h)
2026-02-14 08:30:30,802 | __main__ | INFO | Chargers REALES (socket power columns): 38 sockets | Demanda anual: 2463312 kWh
2026-02-14 08:30:30,805 | __main__ | INFO | Charger STATS (5to OE2): max_power=2.45-3.59 kW, mean_power=0.95 kW
2026-02-14 08:30:30,809 | __main__ | INFO | Mall REAL: 12368653 kWh/a├▒o (promedio 1411.9 kW/h)
2026-02-14 08:30:30,825 | __main__ | INFO | BESS REAL: SOC media 48.1% (archivo: bess_ano_2024.csv)

[PASO 3] Crear environment Gymnasium
--------------------------------------------------------------------------------
2026-02-14 08:30:30,826 | __main__ | INFO | VecNormalize aplicado: norm_obs=True, norm_reward=True (gamma=0.85)
2026-02-14 08:30:30,827 | __main__ | INFO | Environment creado:
2026-02-14 08:30:30,827 | __main__ | INFO |   Observation: (156,)
2026-02-14 08:30:30,827 | __main__ | INFO |   Action: (39,)
2026-02-14 08:30:30,827 | __main__ | INFO |   Timesteps/episodio: 8760 (1 ano completo)

[PASO 4] Crear agente PPO
--------------------------------------------------------------------------------
2026-02-14 08:30:30,827 | __main__ | INFO | LR Schedule habilitado: 1.50e-04 ÔåÆ 0 (lineal sobre 87600 timesteps)
2026-02-14 08:30:31,931 | __main__ | INFO | PPO creado: LR=schedule(1.50e-04ÔåÆ0), n_steps=2048, target_kl=0.05, device=cuda
  Hiperparametros PPO v5.0 [Papers: Schulman 2017, Engstrom 2020, Andrychowicz 2021]:
    Learning Rate:     0.000150 ÔåÆ 0 (schedule lineal, CR├ìTICO)
    N Steps (rollout): 2048  (m├ís contexto = mejor value function)
    Batch Size:        256  (minibatch dentro del rollout)
    Epochs per update: 3  (3-10, mas = sample efficiency pero overfitting)
    Gamma:             0.85  (REDUCIDO para episodios de 8760 pasos)
    Clip Range (eps):  0.2  (0.1-0.3, limita cambio de politica)
    GAE Lambda:        0.95  (0.9-0.97, bias-variance tradeoff)
    Entropy Coef:      0.01  (0.0-0.02, promueve exploracion)
    Value Coef:        0.5  (peso del value loss)
    Max Grad Norm:     0.5  (gradient clipping)
    Target KL:         0.05  (early stop si KL >, ESTABILIDAD)
    Clip Range VF:     None  (DESHABILITADO - da├▒a EV seg├║n Andrychowicz 2021)
    Normalize Adv:     True  (normalizar advantages)
    Actor Network:     [256, 256] (policy)
    Critic Network:    [512, 512] (value function, M├üS GRANDE)
    VecNormalize:      norm_obs=True, norm_reward=True (CLAVE para EV)

[PASO 5] ENTRENAMIENTO CON DATOS REALES OE2
--------------------------------------------------------------------------------
  CONFIGURACION:
    Episodios: 10 x 8760 horas = 87,600 timesteps
    Datos: 100% REALES (OE2 Iquitos)
    Device: CUDA
    Duracion est.: ~1.3 minutos

  REWARD WEIGHTS (ACTUALIZADOS 2026-02-08 - LOG SAC):
    CO2 grid (0.35): Minimizar importacion grid
    Solar (0.20): Autoconsumo PV
    EV satisfaction (0.30): SOC 90%
    Cost (0.10): Minimizar costo
    Grid stability (0.05): Suavizar picos

  Iniciando entrenamiento...

  [BESS REAL] Cargado: 8760 horas
    Steps:   1,000 | Ep:  0 | Progreso:  11.4% | CO2_grid:  394,993 kg | CO2_evitado:  416,022 kg
    Steps:   2,000 | Ep:  0 | Progreso:  22.8% | CO2_grid:  782,958 kg | CO2_evitado:  818,123 kg
    Steps:   3,000 | Ep:  0 | Progreso:  34.2% | CO2_grid: 1,160,417 kg | CO2_evitado: 1,239,592 kg
    Steps:   4,000 | Ep:  0 | Progreso:  45.7% | CO2_grid: 1,504,932 kg | CO2_evitado: 1,637,849 kg
    [PPO] Step   4,096:
           KL: 0.0205 | Clip%: 23.5% | Entropy: 55.363
           Policy L: -0.0295 | Value L: 15.0800 | Expl.Var: -0.489
    ÔÜá´©Å  [PPO WARNING] Explained variance negativa: -0.489 (total: 1)
    Steps:   5,000 | Ep:  0 | Progreso:  57.1% | CO2_grid: 1,871,194 kg | CO2_evitado: 2,038,112 kg
    Steps:   6,000 | Ep:  0 | Progreso:  68.5% | CO2_grid: 2,244,204 kg | CO2_evitado: 2,468,998 kg
    ÔÜá´©Å  [PPO WARNING] Explained variance negativa: -0.245 (total: 2)
    Steps:   7,000 | Ep:  0 | Progreso:  79.9% | CO2_grid: 2,644,650 kg | CO2_evitado: 2,921,732 kg
    Steps:   8,000 | Ep:  0 | Progreso:  91.3% | CO2_grid: 3,056,871 kg | CO2_evitado: 3,345,120 kg
    [PPO] Step   8,192:
           KL: 0.0575 | Clip%: 33.1% | Entropy: 55.468
           Policy L: -0.0503 | Value L: 1.0898 | Expl.Var: -0.080
    ÔÜá´©Å  [PPO CRITICAL] KL alto (0.0575) + Clip alto (33.1%) (count: 1)
        ÔåÆ PROBLEMA SEVERO: Updates demasiado agresivos
        ÔåÆ Acci├│n: Reducir LR, reducir n_epochs, o aumentar batch_size
    ÔÜá´©Å  [PPO WARNING] Explained variance negativa: -0.080 (total: 3)

  ================================================================
  EPISODIO 1 COMPLETADO
  ================================================================
    Reward Total (acumulado):      8,478.13

  CO2 CONTABILIDAD (SIN DOUBLE-COUNTING):
    Grid Import CO2:              3,382,515 kg
    - Reducido Indirecto:         2,982,155 kg (solar/BESS -> grid avoidance)
    - Reducido Directo:             679,742 kg (EV renewable -> avoid combustion)
    = Reducci├│n Total:            3,661,896 kg
    CO2 Neto (Grid - Reducido):           0 kg

  ENERGIA:
    Solar Aprovechado:            8,292,514 kWh
    EV Cargado:                     300,589 kWh
    Grid Import:                  7,481,768 kWh

  FLOTA MOVILIDAD:
    Motos cargadas (max):                22 / 112 (2,685 diarias)
    Mototaxis cargados (max):             7 / 16 (388 diarias)

  [OK] CARGA SIMULTANEA POR SOC (10%, 20%, 30%, 50%, 70%, 80%, 100%):
    Motos:    10%-6435.0 | 20%-17354.0 | 30%-17363.0 | 50%-8045.0 | 70%-38.0 | 80%- 0 | 100%-3391.0
    Taxis:    10%- 0 | 20%- 0 | 30%- 0 | 50%- 0 | 70%- 0 | 80%- 0 | 100%- 0

  BESS ALMACENAMIENTO:
    Descarga:                       677,836 kWh
    Carga:                          790,716 kWh
  ================================================================

    Steps:   9,000 | Ep:  1 | Progreso:   2.7% | CO2_grid:   93,917 kg | CO2_evitado:   98,338 kg
    Steps:  10,000 | Ep:  1 | Progreso:  14.2% | CO2_grid:  501,907 kg | CO2_evitado:  504,718 kg
    ÔÜá´©Å  [PPO CRITICAL] KL alto (0.0715) + Clip alto (32.8%) (count: 2)
        ÔåÆ PROBLEMA SEVERO: Updates demasiado agresivos
        ÔåÆ Acci├│n: Reducir LR, reducir n_epochs, o aumentar batch_size
    Steps:  11,000 | Ep:  1 | Progreso:  25.6% | CO2_grid:  876,243 kg | CO2_evitado:  913,608 kg
    Steps:  12,000 | Ep:  1 | Progreso:  37.0% | CO2_grid: 1,256,359 kg | CO2_evitado: 1,332,434 kg
    [PPO INFO] Entropy baseline establecido: 55.4660
    ÔÜá´©Å  [PPO CRITICAL] Explained variance NEGATIVA PERSISTENTE: -0.056
        ÔåÆ 5 updates CONSECUTIVOS con EV < 0
        ÔåÆ Cr├¡tico prediciendo PEOR que random de forma CONSISTENTE
        ÔåÆ Acci├│n URGENTE: Revisar arquitectura del cr├¡tico, reducir vf_coef, verificar returns
    Steps:  13,000 | Ep:  1 | Progreso:  48.4% | CO2_grid: 1,602,491 kg | CO2_evitado: 1,725,080 kg
    Steps:  14,000 | Ep:  1 | Progreso:  59.8% | CO2_grid: 1,975,467 kg | CO2_evitado: 2,138,073 kg
    Steps:  15,000 | Ep:  1 | Progreso:  71.2% | CO2_grid: 2,362,140 kg | CO2_evitado: 2,582,590 kg
    Steps:  16,000 | Ep:  1 | Progreso:  82.6% | CO2_grid: 2,765,727 kg | CO2_evitado: 3,038,505 kg
    [PPO] Step  16,384:
           KL: 0.0425 | Clip%: 28.6% | Entropy: 55.629
           Policy L: -0.0451 | Value L: 0.6758 | Expl.Var: -0.317
    ÔÜá´©Å  [PPO WARNING] KL alto: 0.0425 > 0.03 (count: 1)
    Steps:  17,000 | Ep:  1 | Progreso:  94.1% | CO2_grid: 3,171,474 kg | CO2_evitado: 3,478,604 kg

  ================================================================
  EPISODIO 2 COMPLETADO
  ================================================================
    Reward Total (acumulado):      7,015.38

  CO2 CONTABILIDAD (SIN DOUBLE-COUNTING):
    Grid Import CO2:              3,392,133 kg
    - Reducido Indirecto:         2,978,297 kg (solar/BESS -> grid avoidance)
    - Reducido Directo:             719,569 kg (EV renewable -> avoid combustion)
    = Reducci├│n Total:            3,697,866 kg
    CO2 Neto (Grid - Reducido):           0 kg

  ENERGIA:
    Solar Aprovechado:            8,292,514 kWh
    EV Cargado:                     318,201 kWh
    Grid Import:                  7,503,092 kWh

  FLOTA MOVILIDAD:
    Motos cargadas (max):                21 / 112 (2,685 diarias)
    Mototaxis cargados (max):             8 / 16 (388 diarias)

  [OK] CARGA SIMULTANEA POR SOC (10%, 20%, 30%, 50%, 70%, 80%, 100%):
    Motos:    10%-6671.0 | 20%-17337.0 | 30%-17359.0 | 50%-8143.0 | 70%-45.0 | 80%-0.0 | 100%-3279.0
    Taxis:    10%-0.0 | 20%-0.0 | 30%-0.0 | 50%-0.0 | 70%-0.0 | 80%-0.0 | 100%-0.0

  BESS ALMACENAMIENTO:
    Descarga:                       677,836 kWh
    Carga:                          790,716 kWh
  ================================================================

    Steps:  18,000 | Ep:  2 | Progreso:   5.5% | CO2_grid:  185,120 kg | CO2_evitado:  199,957 kg
    ÔÜá´©Å  [PPO CRITICAL] KL alto (0.0679) + Clip alto (33.9%) (count: 3)
        ÔåÆ PROBLEMA SEVERO: Updates demasiado agresivos
        ÔåÆ Acci├│n: Reducir LR, reducir n_epochs, o aumentar batch_size
    Steps:  19,000 | Ep:  2 | Progreso:  16.9% | CO2_grid:  588,598 kg | CO2_evitado:  618,513 kg
    Steps:  20,000 | Ep:  2 | Progreso:  28.3% | CO2_grid:  954,271 kg | CO2_evitado: 1,037,316 kg
    ÔÜá´©Å  [PPO WARNING] KL alto: 0.0351 > 0.03 (count: 2)
    Steps:  21,000 | Ep:  2 | Progreso:  39.7% | CO2_grid: 1,327,489 kg | CO2_evitado: 1,464,299 kg
    Steps:  22,000 | Ep:  2 | Progreso:  51.1% | CO2_grid: 1,681,252 kg | CO2_evitado: 1,874,960 kg
    ÔÜá´©Å  [PPO CRITICAL] KL alto (0.0561) + Clip alto (30.7%) (count: 4)
        ÔåÆ PROBLEMA SEVERO: Updates demasiado agresivos
        ÔåÆ Acci├│n: Reducir LR, reducir n_epochs, o aumentar batch_size
    Steps:  23,000 | Ep:  2 | Progreso:  62.6% | CO2_grid: 2,046,714 kg | CO2_evitado: 2,307,402 kg
    Steps:  24,000 | Ep:  2 | Progreso:  74.0% | CO2_grid: 2,448,444 kg | CO2_evitado: 2,782,060 kg
    [PPO] Step  24,576:
           KL: 0.0668 | Clip%: 31.1% | Entropy: 55.799
           Policy L: -0.0502 | Value L: 0.3473 | Expl.Var: 0.016
    ÔÜá´©Å  [PPO CRITICAL] KL alto (0.0668) + Clip alto (31.1%) (count: 5)
        ÔåÆ PROBLEMA SEVERO: Updates demasiado agresivos
        ÔåÆ Acci├│n: Reducir LR, reducir n_epochs, o aumentar batch_size
    ­ƒöº [AUTO-CORRECTION] LR reduction #1 suggested (reason: combined_kl_clip)
        ÔåÆ Recomendaci├│n: Reiniciar con LR reducido (actual ├ù 0.5)
    Steps:  25,000 | Ep:  2 | Progreso:  85.4% | CO2_grid: 2,856,575 kg | CO2_evitado: 3,251,350 kg
    Steps:  26,000 | Ep:  2 | Progreso:  96.8% | CO2_grid: 3,261,542 kg | CO2_evitado: 3,713,346 kg

  ================================================================
  EPISODIO 3 COMPLETADO
  ================================================================
    Reward Total (acumulado):      6,512.27

  CO2 CONTABILIDAD (SIN DOUBLE-COUNTING):
    Grid Import CO2:              3,392,153 kg
    - Reducido Indirecto:         2,993,656 kg (solar/BESS -> grid avoidance)
    - Reducido Directo:             833,450 kg (EV renewable -> avoid combustion)
    = Reducci├│n Total:            3,827,106 kg
    CO2 Neto (Grid - Reducido):           0 kg

  ENERGIA:
    Solar Aprovechado:            8,292,514 kWh
    EV Cargado:                     368,560 kWh
    Grid Import:                  7,503,104 kWh

  FLOTA MOVILIDAD:
    Motos cargadas (max):                23 / 112 (2,685 diarias)
    Mototaxis cargados (max):             8 / 16 (388 diarias)

  [OK] CARGA SIMULTANEA POR SOC (10%, 20%, 30%, 50%, 70%, 80%, 100%):
    Motos:    10%-6760.0 | 20%-18024.0 | 30%-17800.0 | 50%-8367.0 | 70%-38.0 | 80%-0.0 | 100%-3400.0
    Taxis:    10%-0.0 | 20%-0.0 | 30%-0.0 | 50%-0.0 | 70%-0.0 | 80%-0.0 | 100%-0.0

  BESS ALMACENAMIENTO:
    Descarga:                       677,836 kWh
    Carga:                          790,716 kWh
  ================================================================

    ÔÜá´©Å  [PPO WARNING] KL alto: 0.0515 > 0.03 (count: 3)
    Steps:  27,000 | Ep:  3 | Progreso:   8.2% | CO2_grid:  283,920 kg | CO2_evitado:  308,312 kg
    Steps:  28,000 | Ep:  3 | Progreso:  19.6% | CO2_grid:  687,946 kg | CO2_evitado:  726,014 kg
    ­ƒöº [AUTO-CORRECTION] LR reduction #2 suggested (reason: combined_kl_clip)
        ÔåÆ Recomendaci├│n: Reiniciar con LR reducido (actual ├ù 0.5)
    Steps:  29,000 | Ep:  3 | Progreso:  31.1% | CO2_grid: 1,072,884 kg | CO2_evitado: 1,160,485 kg
    Steps:  30,000 | Ep:  3 | Progreso:  42.5% | CO2_grid: 1,442,642 kg | CO2_evitado: 1,591,791 kg
    ­ƒöº [AUTO-CORRECTION] LR reduction #3 suggested (reason: combined_kl_clip)
        ÔåÆ Recomendaci├│n: Reiniciar con LR reducido (actual ├ù 0.5)
    Steps:  31,000 | Ep:  3 | Progreso:  53.9% | CO2_grid: 1,804,992 kg | CO2_evitado: 2,026,739 kg
    Steps:  32,000 | Ep:  3 | Progreso:  65.3% | CO2_grid: 2,186,518 kg | CO2_evitado: 2,484,793 kg
    [PPO] Step  32,768:
           KL: 0.0609 | Clip%: 35.6% | Entropy: 55.891
           Policy L: -0.0442 | Value L: 0.1277 | Expl.Var: 0.159
    Steps:  33,000 | Ep:  3 | Progreso:  76.7% | CO2_grid: 2,595,547 kg | CO2_evitado: 2,976,820 kg
    Steps:  34,000 | Ep:  3 | Progreso:  88.1% | CO2_grid: 3,010,038 kg | CO2_evitado: 3,462,100 kg
    ÔÜá´©Å  [PPO WARNING] Explained variance negativa: -0.403 (total: 10)
    Steps:  35,000 | Ep:  3 | Progreso:  99.5% | CO2_grid: 3,443,155 kg | CO2_evitado: 3,921,100 kg

  ================================================================
  EPISODIO 4 COMPLETADO
  ================================================================
    Reward Total (acumulado):      5,687.03

  CO2 CONTABILIDAD (SIN DOUBLE-COUNTING):
    Grid Import CO2:              3,459,644 kg
    - Reducido Indirecto:         2,981,585 kg (solar/BESS -> grid avoidance)
    - Reducido Directo:             959,370 kg (EV renewable -> avoid combustion)
    = Reducci├│n Total:            3,940,955 kg
    CO2 Neto (Grid - Reducido):           0 kg

  ENERGIA:
    Solar Aprovechado:            8,292,514 kWh
    EV Cargado:                     424,243 kWh
    Grid Import:                  7,652,384 kWh

  FLOTA MOVILIDAD:
    Motos cargadas (max):                25 / 112 (2,685 diarias)
    Mototaxis cargados (max):             8 / 16 (388 diarias)

  [OK] CARGA SIMULTANEA POR SOC (10%, 20%, 30%, 50%, 70%, 80%, 100%):
    Motos:    10%-7228.0 | 20%-19137.0 | 30%-18803.0 | 50%-8723.0 | 70%-64.0 | 80%-0.0 | 100%-3625.0
    Taxis:    10%-0.0 | 20%-0.0 | 30%-0.0 | 50%-0.0 | 70%-0.0 | 80%-0.0 | 100%-0.0

  BESS ALMACENAMIENTO:
    Descarga:                       677,836 kWh
    Carga:                          790,716 kWh
  ================================================================

    Steps:  36,000 | Ep:  4 | Progreso:  11.0% | CO2_grid:  390,100 kg | CO2_evitado:  417,909 kg
    ÔÜá´©Å  [PPO CRITICAL] KL alto (0.0468) + Clip alto (33.0%) (count: 10)
        ÔåÆ PROBLEMA SEVERO: Updates demasiado agresivos
        ÔåÆ Acci├│n: Reducir LR, reducir n_epochs, o aumentar batch_size
    Steps:  37,000 | Ep:  4 | Progreso:  22.4% | CO2_grid:  776,297 kg | CO2_evitado:  856,976 kg
    Steps:  38,000 | Ep:  4 | Progreso:  33.8% | CO2_grid: 1,163,625 kg | CO2_evitado: 1,307,499 kg
    Steps:  39,000 | Ep:  4 | Progreso:  45.2% | CO2_grid: 1,528,668 kg | CO2_evitado: 1,747,080 kg
    Steps:  40,000 | Ep:  4 | Progreso:  56.6% | CO2_grid: 1,899,157 kg | CO2_evitado: 2,204,187 kg
    [PPO] Step  40,960:
           KL: 0.0617 | Clip%: 33.6% | Entropy: 55.947
           Policy L: -0.0442 | Value L: 0.0777 | Expl.Var: 0.331
    Steps:  41,000 | Ep:  4 | Progreso:  68.0% | CO2_grid: 2,289,967 kg | CO2_evitado: 2,683,070 kg
    Steps:  42,000 | Ep:  4 | Progreso:  79.5% | CO2_grid: 2,706,958 kg | CO2_evitado: 3,198,339 kg
    Steps:  43,000 | Ep:  4 | Progreso:  90.9% | CO2_grid: 3,132,598 kg | CO2_evitado: 3,692,152 kg

  ================================================================
  EPISODIO 5 COMPLETADO
  ================================================================
    Reward Total (acumulado):      5,276.53

  CO2 CONTABILIDAD (SIN DOUBLE-COUNTING):
    Grid Import CO2:              3,487,124 kg
    - Reducido Indirecto:         2,992,308 kg (solar/BESS -> grid avoidance)
    - Reducido Directo:           1,081,249 kg (EV renewable -> avoid combustion)
    = Reducci├│n Total:            4,073,557 kg
    CO2 Neto (Grid - Reducido):           0 kg

  ENERGIA:
    Solar Aprovechado:            8,292,514 kWh
    EV Cargado:                     478,139 kWh
    Grid Import:                  7,713,168 kWh

  FLOTA MOVILIDAD:
    Motos cargadas (max):                27 / 112 (2,685 diarias)
    Mototaxis cargados (max):             8 / 16 (388 diarias)

  [OK] CARGA SIMULTANEA POR SOC (10%, 20%, 30%, 50%, 70%, 80%, 100%):
    Motos:    10%-7885.0 | 20%-20694.0 | 30%-20527.0 | 50%-9549.0 | 70%-76.0 | 80%-0.0 | 100%-3876.0
    Taxis:    10%-0.0 | 20%-1.0 | 30%-0.0 | 50%-0.0 | 70%-0.0 | 80%-0.0 | 100%-0.0

  BESS ALMACENAMIENTO:
    Descarga:                       677,836 kWh
    Carga:                          790,716 kWh
  ================================================================

    Steps:  44,000 | Ep:  5 | Progreso:   2.3% | CO2_grid:   79,563 kg | CO2_evitado:   86,320 kg
    Steps:  45,000 | Ep:  5 | Progreso:  13.7% | CO2_grid:  495,078 kg | CO2_evitado:  533,049 kg
    Steps:  46,000 | Ep:  5 | Progreso:  25.1% | CO2_grid:  872,057 kg | CO2_evitado:  998,811 kg
    Steps:  47,000 | Ep:  5 | Progreso:  36.5% | CO2_grid: 1,264,669 kg | CO2_evitado: 1,464,570 kg
    Steps:  48,000 | Ep:  5 | Progreso:  47.9% | CO2_grid: 1,631,089 kg | CO2_evitado: 1,915,393 kg
    Steps:  49,000 | Ep:  5 | Progreso:  59.4% | CO2_grid: 2,000,850 kg | CO2_evitado: 2,402,295 kg
    [PPO] Step  49,152:
           KL: 0.0544 | Clip%: 30.8% | Entropy: 55.970
           Policy L: -0.0501 | Value L: 0.0594 | Expl.Var: 0.492
    Steps:  50,000 | Ep:  5 | Progreso:  70.8% | CO2_grid: 2,396,814 kg | CO2_evitado: 2,910,680 kg
    Steps:  51,000 | Ep:  5 | Progreso:  82.2% | CO2_grid: 2,822,013 kg | CO2_evitado: 3,438,522 kg
    Steps:  52,000 | Ep:  5 | Progreso:  93.6% | CO2_grid: 3,242,380 kg | CO2_evitado: 3,952,362 kg
