================================================================================
ENTRENAR SAC - CON MULTIOBJETIVO REAL (CO2, SOLAR, COST, EV, GRID)
================================================================================
Inicio: 2026-02-16 21:11:22

[GPU] NVIDIA GeForce RTX 4060 Laptop GPU
   VRAM: 8.6 GB
   CUDA: 12.1
   Entrenamiento SAC en GPU (actor-critic 512x512, replay buffer 2M - OPCION A Aggressive)
   Device: CUDA


[INFO] Checkpoints SAC existentes seran PRESERVADOS (continuar entrenamiento)
       Para entrenar desde cero, descomentar clean_sac_checkpoints_safe() en main()

  Dataset precompilado: data\processed\citylearn\iquitos_ev_mall
  OK Dataset: data\processed\citylearn\iquitos_ev_mall

[3] CARGAR DATOS DEL DATASET CITYLEARN V2 CONSTRUIDO (8760 horas = 1 ano)
--------------------------------------------------------------------------------
  [SOLAR] Cargando de: pv_generation_citylearn_enhanced_v2.csv (16 columnas)
  [SOLAR] [OK] REAL: col=potencia_kw | 8292514 kWh/year (8760h)
  [SOLAR] Columnas cargadas (15): ['irradiancia_ghi', 'temperatura_c', 'velocidad_viento_ms', 'potencia_kw', 'energia_kwh', 'is_hora_punta', 'tarifa_aplicada_soles', 'ahorro_solar_soles', 'reduccion_indirecta_co2_kg', 'energia_suministrada_al_bess_kwh', 'energia_suministrada_al_ev_kwh', 'energia_suministrada_al_mall_kwh', 'energia_suministrada_a_red_kwh', 'reduccion_indirecta_co2_kg_total', 'hora_tipo']
  [SOLAR]   GHI: max=1000 W/m2
  [SOLAR]   Temp: min=20.7C, max=33.2C
  [SOLAR]   Solar->EV: 323,327 kWh/a├▒o
  [SOLAR]   Solar->BESS: 790,716 kWh/a├▒o
  [SOLAR]   CO2 indirecto evitado: 3,749,046 kg/a├▒o
  [CHARGERS] [OK] REAL: Loading from chargers_ev_ano_2024_v3.csv
  [CHARGERS] Columnas globales cargadas (7): ['ev_energia_total_kwh', 'ev_energia_motos_kwh', 'ev_energia_mototaxis_kwh', 'co2_reduccion_motos_kg', 'co2_reduccion_mototaxis_kg', 'reduccion_directa_co2_kg', 'ev_demand_kwh']
  [CHARGERS]   CO2 DIRECTO evitado: 456,561 kg/a├▒o
  [CHARGERS]   CO2 motos evitado: 414,555 kg/a├▒o
  [CHARGERS]   CO2 mototaxis evitado: 42,006 kg/a├▒o
  [CHARGERS] [OK] REAL: 38 sockets total (ESPECIFICACION OE2: 38)
  [CHARGERS]   MOTOS:     30 sockets | 476,500 kWh/ano | 54.4 kW avg
  [CHARGERS]   MOTOTAXIS: 8 sockets | 89,374 kWh/ano | 10.2 kW avg
  [CHARGERS]   TOTAL:     565,875 kWh/ano | 64.6 kW avg
  [MALL] Columnas cargadas (5): ['mall_demand_kwh', 'mall_co2_indirect_kg', 'is_hora_punta', 'tarifa_soles_kwh', 'mall_cost_soles']
  [MALL] [OK] REAL: 12368653 kWh/year (avg 1411.9 kW/h)
  [MALL]   CO2 EMITIDO por mall: 5,591,868 kg/a├▒o (NO reduce, EMITE)
  [MALL]   Costo operacion mall: 4,424,186 soles/a├▒o
  [BESS] [!] SIMULATED - Loading from: bess_ano_2024.csv (OE2 REAL)
  [BESS] Columnas energy_flows cargadas (19): ['pv_generation_kwh', 'ev_demand_kwh', 'mall_demand_kwh', 'pv_to_ev_kwh', 'pv_to_bess_kwh', 'pv_to_mall_kwh', 'pv_curtailed_kwh', 'bess_charge_kwh', 'bess_discharge_kwh', 'bess_to_ev_kwh', 'bess_to_mall_kwh', 'grid_to_ev_kwh', 'grid_to_mall_kwh', 'grid_to_bess_kwh', 'grid_import_total_kwh', 'mall_grid_import_kwh', 'peak_reduction_savings_normalized', 'co2_avoided_indirect_normalized', 'bess_mode']
  [BESS] Simulated avg SOC: 55.2%
  [BESS] Costos grid:         2,300,787.00 soles/ano
  [BESS] Ahorros pico:        182,247.53 soles/ano
  [BESS] CO2 evitado indirecto: 279,679 kg/ano
  [BESS] Solar->EV:            179,587 kWh/ano
  [BESS] BESS->EV:             143,740 kWh/ano
  [BESS] Grid import total:   6,485,565 kWh/ano
  [CHARGER STATS] Cargada desde: chargers_real_statistics.csv
  [BESS] EV Demand (REAL):    412,236 kWh/ano
  [BESS] Mall Demand (REAL):  12,368,653 kWh/ano
  [BESS] PV Gen (REAL):       8,292,514 kWh/ano

[LOAD] Extrayendo TODAS las variables observables del dataset_builder v5.5...
[LOAD] Cargando variables observables...

  [OK] Validacion de dimensiones OK (8760 horas x 4 datasets)
[3.5] VALIDAR CALIDAD DE DATOS
--------------------------------------------------------------------------------
  [OK] Solar: OK (sin NaN/inf)
  [OK] Chargers: OK (sin NaN/inf)
  [OK] Mall: OK (sin NaN/inf)
  [OK] BESS SOC: OK (sin NaN/inf)
  [OK] BESS Costs: OK (sin NaN/inf)
  [OK] Charger Max Power: OK (sin NaN/inf)
  [OK] Charger Mean Power: OK (sin NaN/inf)

[4] CONFIGURAR AGENTE SAC CON DATOS 100% REALES
--------------------------------------------------------------------------------
  === SOLAR (PVGIS + PVLib) ===
  Solar AC Power:  cargado [OK] (8760 horas, 8,292,514 kWh/ano)
  Solar Columnas:  15 columnas REALES: ['irradiancia_ghi', 'temperatura_c', 'velocidad_viento_ms', 'potencia_kw', 'energia_kwh', 'is_hora_punta', 'tarifa_aplicada_soles', 'ahorro_solar_soles', 'reduccion_indirecta_co2_kg', 'energia_suministrada_al_bess_kwh', 'energia_suministrada_al_ev_kwh', 'energia_suministrada_al_mall_kwh', 'energia_suministrada_a_red_kwh', 'reduccion_indirecta_co2_kg_total', 'hora_tipo']

  === CHARGERS (MEDICIONES) ===
  MOTOS:           30 sockets | 476,500 kWh/ano
  MOTOTAXIS:       8 sockets | 89,374 kWh/ano
  TOTAL:           38 sockets | 565,875 kWh/ano
  Chargers Cols:   7 columnas globales: ['ev_energia_total_kwh', 'ev_energia_motos_kwh', 'ev_energia_mototaxis_kwh', 'co2_reduccion_motos_kg', 'co2_reduccion_mototaxis_kg', 'reduccion_directa_co2_kg', 'ev_demand_kwh']
  CO2 Reduccion:   456,561 kg/ano (DIRECTO - Solo EV)

  === MALL (MEDICIONES) ===
  Mall demand:     cargado [OK] (12,368,653 kWh/ano)
  Mall Columnas:   5 columnas: ['mall_demand_kwh', 'mall_co2_indirect_kg', 'is_hora_punta', 'tarifa_soles_kwh', 'mall_cost_soles']
  CO2 Mall EMITE:  5,591,868 kg/ano (grid termico)

  === BESS (SIMULACION CON DATOS REALES) ===
  BESS SOC:        cargado [OK] (avg: 55.2%)
  BESS Costos:     cargado [OK] (2,300,787 soles/ano)
  BESS Peak Svngs: cargado [OK] (182,248 soles/ano)
  Tarifa OSINERG:  cargado [OK] (mean: 0.3083 sol/kWh)
  CO2 Evitado:     cargado [OK] (279,679 kg/ano)
  Energy Flows:    cargado [OK] (19 flujos)

  === DEMANDAS REALES (DATASET BESS) ===
  EV Demand REAL:  412,236 kWh/ano
  Mall Dem REAL:   12,368,653 kWh/ano
  PV Gen REAL:     8,292,514 kWh/ano

  Learning rate:        <function SACConfig.adaptive_lr_schedule.<locals>.schedule at 0x00000267D60351C0>
  Buffer size:          400,000
  Batch size:           64
  Tau (soft update):    0.005
  Entropy coef:         auto
  Network:              Actor/Critic [384, 384]

[5] CONFIGURAR MULTIOBJETIVO (CO2, SOLAR, COST, EV, GRID)
--------------------------------------------------------------------------------
  OK Reward weights loaded (co2_focus):
     - CO2 grid:         0.350
     - Solar:            0.200
     - EV satisfaction:  0.300
     - Cost:             0.100
     - Grid stability:   0.050

[6] CREAR AMBIENTE REAL CON DATOS OE2 (CON REWARD WEIGHTS)
--------------------------------------------------------------------------------
  [OK] Ambiente REAL creado con datos OE2 100% REALES:
     - Observation space: 246 dims (v6.0: 156 base + 90 new features = bidirectional communication)
     - Action space:      39 dims (BESS + 38 sockets)
     - Solar data:        15 columnas REALES (16: irradiancia, energia_suministrada_al_*, etc.)
     - Chargers data:     7 columnas globales (11: co2_reduccion, costo_carga, etc.)
     - Mall data:         5 columnas (6: mall_co2_indirect_kg, tarifa, etc.)
     - MOTOS:             30 sockets (30 max)
     - MOTOTAXIS:         8 sockets (8 max)
     - Energy flows:      19 flujos REALES (25 columnas BESS)
     - Observable vars:   27 columnas del dataset_builder (todas las reales)
     - EV Demand REAL:    SI
     - Mall Demand REAL:  SI
     - COMUNICACION:      BESS<->Solar<->EV<->Cargadores<->Motos<->Mototaxis + Dataset_Builder
  Observation space: 246 (v6.0: 156 base + 38 per-socket SOC + 38 time remaining + 14 signals)
  Action space:      39 (1 BESS + 38 chargers)
  Datos cargados:
    - Solar:     8760 horas
    - Chargers:  38 sockets

[7] INICIALIZAR AGENTE SAC
--------------------------------------------------------------------------------
  Creando nuevo agente SAC
Using cuda device
Wrapping the env with a `Monitor` wrapper
Wrapping the env in a DummyVecEnv.
  Device: cuda

[8] ENTRENAMIENTO SAC - 15 EPISODIOS COMPLETOS (OPTIMIZADO)
--------------------------------------------------------------------------------
  Total timesteps: 131,400 (15 episodios x 8,760 h/episodio)
  Checkpoint cada: 1,000 steps
  Warmup steps:    5,000 (random exploration)
  Batch size:      64
  Buffer size:     400,000
  tau:             0.005
  gamma:           0.99
  Train freq:      (4, 'step')
  Gradient steps:  1 (updates per env step)
  Entropy coef:    auto
  Target entropy:  -10.0
  Learning rate:   <function SACConfig.adaptive_lr_schedule.<locals>.schedule at 0x00000267D60351C0>
  Networks:        Actor/Critic [384, 384]
  Datos: Datos reales OE2 (solar 8.29GWh + chargers + mall 12.37GWh + BESS 1,700 kWh max SOC)
  Device: CUDA

  METRICAS LOGUEADAS (cada 500 steps):
  - Actor loss, Critic loss (Q1/Q2)
  - Mean Q-value (alerta si > 1000)
  - Entropy y alpha (alerta si entropy < 0.1 o alpha < 0.01)
  - Replay buffer fill %
  - Updates per step (ratio real)
  - Mean/Std acciones, log_std
  EVAL (cada 8760 steps = 1 episodio):
  - Eval Return (deterministico, sin ruido)

  Progreso por episodio (cada 100 timesteps dentro del episodio):
--------------------------------------------------------------------------------

[PARAMETROS MULTIOBJETIVO - PESOS DE RECOMPENSA]
--------------------------------------------------------------------------------
  [OK] Reward weights cargados (priority=co2_focus):
    - CO2 Grid Minimization:    0.350
    - Solar Self-Consumption:  0.200
    - EV Satisfaction:         0.300
    - Cost Minimization:       0.100
    - Grid Stability:          0.050
  [OK] Total weight sum:          1.000


[INTENTO 1/3] Iniciando entrenamiento SAC...
Logging to outputs\sac_training\tensorboard\SAC_0
    [EP 01] h=  100/8760 | Solar=   0.0kW | BESS=20.0%/IDL | Grid= 584.0kW | EV=0.00 | Prio=+0.000 
    [EP 01] h=  200/8760 | Solar= 509.3kW | BESS=47.2%/CHG | Grid= 653.7kW | EV=71.91 | Prio=+0.498 [LOW]
    [EP 01] h=  300/8760 | Solar=2886.7kW | BESS=100.0%/IDL | Grid=   0.0kW | EV=0.74 | Prio=+0.384 [MEDIUM]
    [EP 01] h=  400/8760 | Solar=1858.7kW | BESS=75.9%/DIS | Grid=  54.1kW | EV=0.08 | Prio=+0.726 [HIGH]
    [EP 01] h=  500/8760 | Solar=   0.0kW | BESS=27.6%/CHG | Grid=1798.3kW | EV=0.32 | Prio=+0.115 [HIGH]
    [STEP    500] | Q=0.1 | Buf=0.1% | Upd/s=0.00 | LR=3.0e-05

====================================================================================================
[TIMESTEP 500] PROGRESO MULTIOBJETIVO SAC - 0.06 EPISODIOS
====================================================================================================
  [EXPLORACION]
    - Entropy coefficient (alpha): AUTO-TUNING (dinamico)
  [BUFFER DE EXPERIENCIAS]
    - Tamano actual:     499 / 400,000 (0.1%)
  [APRENDIZAJE]
    - Learning rate:     4.94e-05 (adaptativo (schedule))
    - Actualizaciones:   0 (gradient steps)
    - Ratio updates:     0.000 upd/step
  [LOSS FUNCTIONS]
  [Q-VALUES (CRITIC)]
  [ESTADO]
    - Episodios completos: 0
    - Horas simuladas:     500 / 131,400

    [EP 01] h=  600/8760 | Solar=   0.0kW | BESS=20.0%/CHG | Grid= 718.0kW | EV=48.05 | Prio=+0.618 [LOW]
    [EP 01] h=  700/8760 | Solar=   0.0kW | BESS=20.0%/DIS | Grid= 604.0kW | EV=0.00 | Prio=+0.000 
    [EP 01] h=  800/8760 | Solar= 773.5kW | BESS=42.9%/DIS | Grid= 262.5kW | EV=74.00 | Prio=+0.000 [LOW]
    [EP 01] h=  900/8760 | Solar=2883.0kW | BESS=100.0%/DIS | Grid=   0.0kW | EV=0.64 | Prio=+0.266 [MEDIUM]
    [EP 01] h= 1000/8760 | Solar=1792.4kW | BESS=75.9%/DIS | Grid=  66.6kW | EV=0.07 | Prio=-1.148 [HIGH]
    [STEP   1000] | Q=0.1 | Buf=0.2% | Upd/s=0.00 | LR=3.0e-05

====================================================================================================
[TIMESTEP 1,000] PROGRESO MULTIOBJETIVO SAC - 0.11 EPISODIOS
====================================================================================================
  [EXPLORACION]
    - Entropy coefficient (alpha): AUTO-TUNING (dinamico)
  [BUFFER DE EXPERIENCIAS]
    - Tamano actual:     999 / 400,000 (0.2%)
  [APRENDIZAJE]
    - Learning rate:     6.88e-05 (adaptativo (schedule))
    - Actualizaciones:   0 (gradient steps)
    - Ratio updates:     0.000 upd/step
  [LOSS FUNCTIONS]
  [Q-VALUES (CRITIC)]
  [ESTADO]
    - Episodios completos: 0
    - Horas simuladas:     1000 / 131,400

    [EP 01] h= 1100/8760 | Solar=   0.0kW | BESS=51.7%/DIS | Grid=1753.3kW | EV=0.32 | Prio=+1.331 [HIGH]
    [EP 01] h= 1200/8760 | Solar=   0.0kW | BESS=20.0%/CHG | Grid= 769.0kW | EV=43.54 | Prio=+1.056 [LOW]
    [EP 01] h= 1300/8760 | Solar=   0.0kW | BESS=20.0%/DIS | Grid= 662.0kW | EV=0.00 | Prio=+0.000 
    [EP 01] h= 1400/8760 | Solar= 417.5kW | BESS=42.9%/IDL | Grid= 642.5kW | EV=90.26 | Prio=+0.491 [LOW]
    [EP 01] h= 1500/8760 | Solar=1708.0kW | BESS=75.9%/DIS | Grid= 242.0kW | EV=1.13 | Prio=+0.586 [MEDIUM]
    [STEP   1500] | Q=0.1 | Buf=0.4% | Upd/s=0.00 | LR=3.0e-05

====================================================================================================
[TIMESTEP 1,500] PROGRESO MULTIOBJETIVO SAC - 0.17 EPISODIOS
====================================================================================================
  [EXPLORACION]
    - Entropy coefficient (alpha): AUTO-TUNING (dinamico)
  [BUFFER DE EXPERIENCIAS]
    - Tamano actual:     1,499 / 400,000 (0.4%)
  [APRENDIZAJE]
    - Learning rate:     8.82e-05 (adaptativo (schedule))
    - Actualizaciones:   0 (gradient steps)
    - Ratio updates:     0.000 upd/step
  [LOSS FUNCTIONS]
  [Q-VALUES (CRITIC)]
  [ESTADO]
    - Episodios completos: 0
    - Horas simuladas:     1500 / 131,400

    [EP 01] h= 1600/8760 | Solar=1519.4kW | BESS=75.9%/DIS | Grid= 272.1kW | EV=0.04 | Prio=+0.229 [HIGH]
    [EP 01] h= 1700/8760 | Solar=   0.0kW | BESS=51.7%/CHG | Grid=1686.9kW | EV=0.40 | Prio=+0.605 [HIGH]
    [EP 01] h= 1800/8760 | Solar=   0.0kW | BESS=20.0%/DIS | Grid= 645.0kW | EV=32.84 | Prio=+1.400 [LOW]
    [EP 01] h= 1900/8760 | Solar=   0.0kW | BESS=20.0%/CHG | Grid= 435.0kW | EV=0.71 | Prio=+0.000 
    [EP 01] h= 2000/8760 | Solar= 769.9kW | BESS=47.3%/CHG | Grid= 129.1kW | EV=88.12 | Prio=+0.000 [LOW]
    [STEP   2000] | Q=0.1 | Buf=0.5% | Upd/s=0.00 | LR=3.0e-05

====================================================================================================
[TIMESTEP 2,000] PROGRESO MULTIOBJETIVO SAC - 0.23 EPISODIOS
====================================================================================================
  [EXPLORACION]
    - Entropy coefficient (alpha): AUTO-TUNING (dinamico)
  [BUFFER DE EXPERIENCIAS]
    - Tamano actual:     1,999 / 400,000 (0.5%)
  [APRENDIZAJE]
    - Learning rate:     1.08e-04 (adaptativo (schedule))
    - Actualizaciones:   0 (gradient steps)
    - Ratio updates:     0.000 upd/step
  [LOSS FUNCTIONS]
  [Q-VALUES (CRITIC)]
  [ESTADO]
    - Episodios completos: 0
    - Horas simuladas:     2000 / 131,400

    [EP 01] h= 2100/8760 | Solar=2886.7kW | BESS=100.0%/DIS | Grid=   0.0kW | EV=0.87 | Prio=+0.333 [MEDIUM]
    [EP 01] h= 2200/8760 | Solar=1810.0kW | BESS=75.9%/DIS | Grid= 226.7kW | EV=0.08 | Prio=-1.386 [HIGH]
    [EP 01] h= 2300/8760 | Solar=   0.0kW | BESS=41.7%/CHG | Grid=1903.5kW | EV=0.34 | Prio=+0.137 [HIGH]
    [EP 01] h= 2400/8760 | Solar=   0.0kW | BESS=20.0%/IDL | Grid= 616.0kW | EV=41.49 | Prio=+0.484 [LOW]
    [EP 01] h= 2500/8760 | Solar=   0.0kW | BESS=20.0%/IDL | Grid= 399.0kW | EV=0.00 | Prio=+0.000 
    [STEP   2500] | Q=0.1 | Buf=0.6% | Upd/s=0.00 | LR=3.0e-05
    [SAC INFO] Baselines establecidos:

====================================================================================================
[TIMESTEP 2,500] PROGRESO MULTIOBJETIVO SAC - 0.29 EPISODIOS
====================================================================================================
  [EXPLORACION]
    - Entropy coefficient (alpha): AUTO-TUNING (dinamico)
  [BUFFER DE EXPERIENCIAS]
    - Tamano actual:     2,499 / 400,000 (0.6%)
  [APRENDIZAJE]
    - Learning rate:     1.27e-04 (adaptativo (schedule))
    - Actualizaciones:   0 (gradient steps)
    - Ratio updates:     0.000 upd/step
  [LOSS FUNCTIONS]
  [Q-VALUES (CRITIC)]
  [ESTADO]
    - Episodios completos: 0
    - Horas simuladas:     2500 / 131,400

    [EP 01] h= 2600/8760 | Solar=1304.3kW | BESS=52.0%/CHG | Grid=   0.0kW | EV=81.63 | Prio=+0.000 [LOW]
    [EP 01] h= 2700/8760 | Solar=2886.7kW | BESS=100.0%/CHG | Grid=   0.0kW | EV=1.32 | Prio=+0.268 [MEDIUM]
    [EP 01] h= 2800/8760 | Solar=2378.8kW | BESS=100.0%/DIS | Grid=   0.0kW | EV=0.07 | Prio=+0.850 [HIGH]
    [EP 01] h= 2900/8760 | Solar=   0.0kW | BESS=36.8%/CHG | Grid=1899.3kW | EV=0.48 | Prio=+0.369 [HIGH]
    [EP 01] h= 3000/8760 | Solar=   0.0kW | BESS=20.0%/CHG | Grid= 577.0kW | EV=41.90 | Prio=+0.771 [LOW]
    [STEP   3000] | Q=0.1 | Buf=0.7% | Upd/s=0.00 | LR=3.0e-05

====================================================================================================
[TIMESTEP 3,000] PROGRESO MULTIOBJETIVO SAC - 0.34 EPISODIOS
====================================================================================================
  [EXPLORACION]
    - Entropy coefficient (alpha): AUTO-TUNING (dinamico)
  [BUFFER DE EXPERIENCIAS]
    - Tamano actual:     2,999 / 400,000 (0.7%)
  [APRENDIZAJE]
    - Learning rate:     1.46e-04 (adaptativo (schedule))
    - Actualizaciones:   0 (gradient steps)
    - Ratio updates:     0.000 upd/step
  [LOSS FUNCTIONS]
  [Q-VALUES (CRITIC)]
  [ESTADO]
    - Episodios completos: 0
    - Horas simuladas:     3000 / 131,400

    [EP 01] h= 3100/8760 | Solar=   0.0kW | BESS=20.0%/DIS | Grid= 492.0kW | EV=0.00 | Prio=+0.000 
    [EP 01] h= 3200/8760 | Solar=1228.0kW | BESS=51.6%/DIS | Grid=   0.0kW | EV=75.69 | Prio=+0.000 [LOW]
    [EP 01] h= 3300/8760 | Solar=2886.7kW | BESS=100.0%/CHG | Grid=   0.0kW | EV=1.38 | Prio=+0.245 [MEDIUM]
    [EP 01] h= 3400/8760 | Solar=1734.8kW | BESS=98.8%/DIS | Grid= 905.8kW | EV=0.06 | Prio=-0.985 [HIGH]
    [EP 01] h= 3500/8760 | Solar=   0.0kW | BESS=31.6%/DIS | Grid=1976.8kW | EV=0.38 | Prio=-0.012 [HIGH]
    [STEP   3500] | Q=0.1 | Buf=0.9% | Upd/s=0.00 | LR=3.0e-05

====================================================================================================
[TIMESTEP 3,500] PROGRESO MULTIOBJETIVO SAC - 0.40 EPISODIOS
====================================================================================================
  [EXPLORACION]
    - Entropy coefficient (alpha): AUTO-TUNING (dinamico)
  [BUFFER DE EXPERIENCIAS]
    - Tamano actual:     3,499 / 400,000 (0.9%)
  [APRENDIZAJE]
    - Learning rate:     1.66e-04 (adaptativo (schedule))
    - Actualizaciones:   0 (gradient steps)
    - Ratio updates:     0.000 upd/step
  [LOSS FUNCTIONS]
  [Q-VALUES (CRITIC)]
  [ESTADO]
    - Episodios completos: 0
    - Horas simuladas:     3500 / 131,400

    [EP 01] h= 3600/8760 | Solar=   0.0kW | BESS=20.0%/DIS | Grid= 512.0kW | EV=31.78 | Prio=+0.402 [LOW]
    [EP 01] h= 3700/8760 | Solar=   0.0kW | BESS=20.0%/IDL | Grid= 432.0kW | EV=0.00 | Prio=+0.000 
    [EP 01] h= 3800/8760 | Solar= 992.8kW | BESS=52.9%/CHG | Grid=   0.0kW | EV=79.94 | Prio=+0.000 [LOW]
    [EP 01] h= 3900/8760 | Solar=2886.7kW | BESS=100.0%/DIS | Grid=   0.0kW | EV=0.65 | Prio=+0.123 [MEDIUM]
    [EP 01] h= 4000/8760 | Solar=1970.1kW | BESS=75.9%/CHG | Grid= 248.2kW | EV=0.07 | Prio=+0.914 [HIGH]
    [STEP   4000] | Q=0.1 | Buf=1.0% | Upd/s=0.00 | LR=3.0e-05

====================================================================================================
[TIMESTEP 4,000] PROGRESO MULTIOBJETIVO SAC - 0.46 EPISODIOS
====================================================================================================
  [EXPLORACION]
    - Entropy coefficient (alpha): AUTO-TUNING (dinamico)
  [BUFFER DE EXPERIENCIAS]
    - Tamano actual:     3,999 / 400,000 (1.0%)
  [APRENDIZAJE]
    - Learning rate:     1.85e-04 (adaptativo (schedule))
    - Actualizaciones:   0 (gradient steps)
    - Ratio updates:     0.000 upd/step
  [LOSS FUNCTIONS]
  [Q-VALUES (CRITIC)]
  [ESTADO]
    - Episodios completos: 0
    - Horas simuladas:     4000 / 131,400

    [EP 01] h= 4100/8760 | Solar=   0.0kW | BESS=32.7%/CHG | Grid=1927.9kW | EV=0.33 | Prio=+0.518 [HIGH]
    [EP 01] h= 4200/8760 | Solar=   0.0kW | BESS=20.0%/DIS | Grid= 571.0kW | EV=57.25 | Prio=+0.874 [LOW]
    [EP 01] h= 4300/8760 | Solar=   0.0kW | BESS=20.0%/DIS | Grid= 442.0kW | EV=0.00 | Prio=+0.000 
    [EP 01] h= 4400/8760 | Solar= 984.0kW | BESS=42.9%/DIS | Grid=  57.0kW | EV=72.04 | Prio=+0.000 [LOW]
    [EP 01] h= 4500/8760 | Solar=2886.7kW | BESS=100.0%/CHG | Grid=   0.0kW | EV=0.75 | Prio=+0.321 [MEDIUM]
    [STEP   4500] | Q=0.1 | Buf=1.1% | Upd/s=0.00 | LR=3.0e-05

====================================================================================================
[TIMESTEP 4,500] PROGRESO MULTIOBJETIVO SAC - 0.51 EPISODIOS
====================================================================================================
  [EXPLORACION]
    - Entropy coefficient (alpha): AUTO-TUNING (dinamico)
  [BUFFER DE EXPERIENCIAS]
    - Tamano actual:     4,499 / 400,000 (1.1%)
  [APRENDIZAJE]
    - Learning rate:     2.00e-04 (adaptativo (schedule))
    - Actualizaciones:   0 (gradient steps)
    - Ratio updates:     0.000 upd/step
  [LOSS FUNCTIONS]
  [Q-VALUES (CRITIC)]
  [ESTADO]
    - Episodios completos: 0
    - Horas simuladas:     4500 / 131,400

    [EP 01] h= 4600/8760 | Solar=1640.7kW | BESS=75.9%/CHG | Grid= 243.9kW | EV=0.08 | Prio=+0.000 [HIGH]
    [EP 01] h= 4700/8760 | Solar=   0.0kW | BESS=51.7%/CHG | Grid=1597.9kW | EV=0.24 | Prio=+0.646 [HIGH]
    [EP 01] h= 4800/8760 | Solar=   0.0kW | BESS=20.0%/DIS | Grid= 537.0kW | EV=47.52 | Prio=+0.794 [LOW]
    [EP 01] h= 4900/8760 | Solar=   0.0kW | BESS=20.0%/DIS | Grid= 407.0kW | EV=0.62 | Prio=+0.000 
    [EP 01] h= 5000/8760 | Solar=1182.1kW | BESS=42.9%/IDL | Grid=   0.0kW | EV=70.91 | Prio=+0.000 [LOW]
    [STEP   5000] | Q=0.1 | Buf=1.2% | Upd/s=0.00 | LR=3.0e-05

====================================================================================================
[TIMESTEP 5,000] PROGRESO MULTIOBJETIVO SAC - 0.57 EPISODIOS
====================================================================================================
  [EXPLORACION]
    - Entropy coefficient (alpha): AUTO-TUNING (dinamico)
  [BUFFER DE EXPERIENCIAS]
    - Tamano actual:     4,999 / 400,000 (1.2%)
  [APRENDIZAJE]
    - Learning rate:     2.00e-04 (adaptativo (schedule))
    - Actualizaciones:   0 (gradient steps)
    - Ratio updates:     0.000 upd/step
  [LOSS FUNCTIONS]
  [Q-VALUES (CRITIC)]
  [ESTADO]
    - Episodios completos: 0
    - Horas simuladas:     5000 / 131,400

    [EP 01] h= 5100/8760 | Solar=2886.7kW | BESS=100.0%/CHG | Grid=   0.0kW | EV=0.57 | Prio=+0.349 [MEDIUM]
    [EP 01] h= 5200/8760 | Solar=2414.7kW | BESS=100.0%/IDL | Grid=   0.0kW | EV=0.04 | Prio=+0.000 [HIGH]
    [EP 01] h= 5300/8760 | Solar=   0.0kW | BESS=35.8%/DIS | Grid=2026.3kW | EV=0.35 | Prio=+1.004 [HIGH]
    [EP 01] h= 5400/8760 | Solar=   0.0kW | BESS=20.0%/DIS | Grid= 560.0kW | EV=35.17 | Prio=+0.670 [LOW]
    [EP 01] h= 5500/8760 | Solar=   0.0kW | BESS=20.0%/DIS | Grid= 407.0kW | EV=0.70 | Prio=+0.000 
    [STEP   5500] | Actor=-53.103 | Critic=11.949 | Q=28.3 | alpha=0.9757 | Buf=1.4% | Upd/s=0.25 | LR=2.0e-04

====================================================================================================
[TIMESTEP 5,500] PROGRESO MULTIOBJETIVO SAC - 0.63 EPISODIOS
====================================================================================================
  [EXPLORACION]
    - Entropy coefficient (alpha): AUTO-TUNING (dinamico)
  [BUFFER DE EXPERIENCIAS]
    - Tamano actual:     5,499 / 400,000 (1.4%)
  [APRENDIZAJE]
    - Learning rate:     2.00e-04 (adaptativo (schedule))
    - Actualizaciones:   124 (gradient steps)
    - Ratio updates:     0.023 upd/step
  [LOSS FUNCTIONS]
    - Critic Loss (TD):  11.948650
    - Actor Loss:        -53.103180  [Q-VALUES (CRITIC)]
  [ESTADO]
    - Episodios completos: 0
    - Horas simuladas:     5500 / 131,400

    [EP 01] h= 5600/8760 | Solar= 896.8kW | BESS=48.3%/CHG | Grid= 191.2kW | EV=70.96 | Prio=+0.000 [LOW]
    [EP 01] h= 5700/8760 | Solar=2886.7kW | BESS=100.0%/DIS | Grid=   0.0kW | EV=0.66 | Prio=+0.257 [MEDIUM]
    [EP 01] h= 5800/8760 | Solar=2242.3kW | BESS=75.9%/CHG | Grid= 148.4kW | EV=0.07 | Prio=-0.528 [HIGH]
    [EP 01] h= 5900/8760 | Solar=   0.0kW | BESS=51.7%/DIS | Grid=1832.9kW | EV=0.39 | Prio=+0.114 [HIGH]
    [EP 01] h= 6000/8760 | Solar=   0.0kW | BESS=20.0%/DIS | Grid= 597.0kW | EV=30.09 | Prio=+1.087 [LOW]
    [STEP   6000] | Actor=-61.865 | Critic=2.041 | Q=36.8 | alpha=0.9516 | Buf=1.5% | Upd/s=0.25 | LR=2.0e-04

====================================================================================================
[TIMESTEP 6,000] PROGRESO MULTIOBJETIVO SAC - 0.68 EPISODIOS
====================================================================================================
  [EXPLORACION]
    - Entropy coefficient (alpha): AUTO-TUNING (dinamico)
  [BUFFER DE EXPERIENCIAS]
    - Tamano actual:     5,999 / 400,000 (1.5%)
  [APRENDIZAJE]
    - Learning rate:     2.00e-04 (adaptativo (schedule))
    - Actualizaciones:   249 (gradient steps)
    - Ratio updates:     0.042 upd/step
  [LOSS FUNCTIONS]
    - Critic Loss (TD):  2.040561
    - Actor Loss:        -61.865166  [Q-VALUES (CRITIC)]
  [ESTADO]
    - Episodios completos: 0
    - Horas simuladas:     6000 / 131,400

    [EP 01] h= 6100/8760 | Solar=   0.0kW | BESS=20.0%/CHG | Grid= 442.0kW | EV=0.00 | Prio=+0.000 
    [EP 01] h= 6200/8760 | Solar=1456.3kW | BESS=63.8%/DIS | Grid=   0.0kW | EV=72.16 | Prio=+0.000 [LOW]
    [EP 01] h= 6300/8760 | Solar=2886.7kW | BESS=100.0%/DIS | Grid=   0.0kW | EV=0.59 | Prio=+0.395 [MEDIUM]
    [EP 01] h= 6400/8760 | Solar=2229.1kW | BESS=75.9%/IDL | Grid= 131.1kW | EV=0.05 | Prio=+0.419 [HIGH]
    [EP 01] h= 6500/8760 | Solar=   0.0kW | BESS=51.7%/CHG | Grid=2142.1kW | EV=0.39 | Prio=+0.998 [HIGH]
    [STEP   6500] | Actor=-71.756 | Critic=1.556 | Q=46.1 | alpha=0.9281 | Buf=1.6% | Upd/s=0.25 | LR=2.0e-04

====================================================================================================
[TIMESTEP 6,500] PROGRESO MULTIOBJETIVO SAC - 0.74 EPISODIOS
====================================================================================================
  [EXPLORACION]
    - Entropy coefficient (alpha): AUTO-TUNING (dinamico)
  [BUFFER DE EXPERIENCIAS]
    - Tamano actual:     6,499 / 400,000 (1.6%)
  [APRENDIZAJE]
    - Learning rate:     2.00e-04 (adaptativo (schedule))
    - Actualizaciones:   374 (gradient steps)
    - Ratio updates:     0.058 upd/step
  [LOSS FUNCTIONS]
    - Critic Loss (TD):  1.556316
    - Actor Loss:        -71.756332  [Q-VALUES (CRITIC)]
  [ESTADO]
    - Episodios completos: 0
    - Horas simuladas:     6500 / 131,400

    [EP 01] h= 6600/8760 | Solar=   0.0kW | BESS=20.0%/DIS | Grid= 857.0kW | EV=35.13 | Prio=+0.459 [LOW]
    [EP 01] h= 6700/8760 | Solar=   0.0kW | BESS=20.0%/CHG | Grid= 425.0kW | EV=0.00 | Prio=+0.000 
    [EP 01] h= 6800/8760 | Solar=1987.8kW | BESS=64.3%/IDL | Grid=   0.0kW | EV=90.15 | Prio=+0.000 [LOW]
    [EP 01] h= 6900/8760 | Solar=2886.7kW | BESS=100.0%/CHG | Grid=   0.0kW | EV=0.93 | Prio=+0.251 [MEDIUM]
    [EP 01] h= 7000/8760 | Solar=2020.5kW | BESS=75.9%/DIS | Grid= 333.9kW | EV=0.03 | Prio=+0.000 [HIGH]
    [STEP   7000] | Actor=-82.276 | Critic=2.196 | Q=57.8 | alpha=0.9052 | Buf=1.7% | Upd/s=0.25 | LR=2.0e-04

====================================================================================================
[TIMESTEP 7,000] PROGRESO MULTIOBJETIVO SAC - 0.80 EPISODIOS
====================================================================================================
  [EXPLORACION]
    - Entropy coefficient (alpha): AUTO-TUNING (dinamico)
  [BUFFER DE EXPERIENCIAS]
    - Tamano actual:     6,999 / 400,000 (1.7%)
  [APRENDIZAJE]
    - Learning rate:     2.00e-04 (adaptativo (schedule))
    - Actualizaciones:   499 (gradient steps)
    - Ratio updates:     0.071 upd/step
  [LOSS FUNCTIONS]
    - Critic Loss (TD):  2.195929
    - Actor Loss:        -82.275764  [Q-VALUES (CRITIC)]
  [ESTADO]
    - Episodios completos: 0
    - Horas simuladas:     7000 / 131,400

    [EP 01] h= 7100/8760 | Solar=   0.0kW | BESS=32.1%/DIS | Grid=2062.1kW | EV=0.29 | Prio=-0.724 [HIGH]
    [EP 01] h= 7200/8760 | Solar=   0.0kW | BESS=20.0%/CHG | Grid= 700.0kW | EV=37.88 | Prio=+0.722 [LOW]
    [EP 01] h= 7300/8760 | Solar=   0.0kW | BESS=20.0%/DIS | Grid= 503.0kW | EV=0.00 | Prio=+0.000 
    [EP 01] h= 7400/8760 | Solar= 873.7kW | BESS=59.3%/CHG | Grid= 217.3kW | EV=73.82 | Prio=+0.000 [LOW]
    [EP 01] h= 7500/8760 | Solar=2886.7kW | BESS=100.0%/CHG | Grid=   0.0kW | EV=1.68 | Prio=+0.272 [MEDIUM]
    [STEP   7500] | Actor=-92.688 | Critic=2.457 | Q=69.4 | alpha=0.8829 | Buf=1.9% | Upd/s=0.25 | LR=2.0e-04

====================================================================================================
[TIMESTEP 7,500] PROGRESO MULTIOBJETIVO SAC - 0.86 EPISODIOS
====================================================================================================
  [EXPLORACION]
    - Entropy coefficient (alpha): AUTO-TUNING (dinamico)
  [BUFFER DE EXPERIENCIAS]
    - Tamano actual:     7,499 / 400,000 (1.9%)
  [APRENDIZAJE]
    - Learning rate:     1.99e-04 (adaptativo (schedule))
    - Actualizaciones:   624 (gradient steps)
    - Ratio updates:     0.083 upd/step
  [LOSS FUNCTIONS]
    - Critic Loss (TD):  2.457180
    - Actor Loss:        -92.687775  [Q-VALUES (CRITIC)]
  [ESTADO]
    - Episodios completos: 0
    - Horas simuladas:     7500 / 131,400

    [EP 01] h= 7600/8760 | Solar=1958.8kW | BESS=75.9%/DIS | Grid= 336.1kW | EV=0.07 | Prio=+1.260 [HIGH]
    [EP 01] h= 7700/8760 | Solar=   0.0kW | BESS=51.7%/CHG | Grid=1847.0kW | EV=0.47 | Prio=+0.424 [HIGH]
    [EP 01] h= 7800/8760 | Solar=   0.0kW | BESS=20.0%/CHG | Grid= 695.0kW | EV=45.56 | Prio=+0.100 [LOW]
    [EP 01] h= 7900/8760 | Solar=   0.0kW | BESS=20.0%/DIS | Grid= 491.0kW | EV=0.00 | Prio=+0.000 
    [EP 01] h= 8000/8760 | Solar=1377.2kW | BESS=56.1%/CHG | Grid=   0.0kW | EV=70.48 | Prio=+0.000 [LOW]
    [STEP   8000] | Actor=-103.790 | Critic=3.808 | Q=81.2 | alpha=0.8611 | Buf=2.0% | Upd/s=0.25 | LR=2.0e-04

====================================================================================================
[TIMESTEP 8,000] PROGRESO MULTIOBJETIVO SAC - 0.91 EPISODIOS
====================================================================================================
  [EXPLORACION]
    - Entropy coefficient (alpha): AUTO-TUNING (dinamico)
  [BUFFER DE EXPERIENCIAS]
    - Tamano actual:     7,999 / 400,000 (2.0%)
  [APRENDIZAJE]
    - Learning rate:     1.99e-04 (adaptativo (schedule))
    - Actualizaciones:   749 (gradient steps)
    - Ratio updates:     0.094 upd/step
  [LOSS FUNCTIONS]
    - Critic Loss (TD):  3.808454
    - Actor Loss:        -103.789658 [!] PROBLEMA: Rewards muy grandes (esperado [-10, 10])
              -> Esta ocurriendo overflow de rewards
              -> Verificar normalizacion en step function
              -> Solucion: Dividir rewards por mayor factor
  [Q-VALUES (CRITIC)]
  [ESTADO]
    - Episodios completos: 0
    - Horas simuladas:     8000 / 131,400

    [EP 01] h= 8100/8760 | Solar=2886.7kW | BESS=100.0%/DIS | Grid=   0.0kW | EV=0.81 | Prio=+0.398 [MEDIUM]
    [EP 01] h= 8200/8760 | Solar=2090.2kW | BESS=75.9%/DIS | Grid= 228.4kW | EV=0.17 | Prio=+1.304 [HIGH]
    [EP 01] h= 8300/8760 | Solar=   0.0kW | BESS=51.7%/CHG | Grid=1840.7kW | EV=0.29 | Prio=+0.704 [HIGH]
    [EP 01] h= 8400/8760 | Solar=   0.0kW | BESS=20.0%/DIS | Grid= 930.0kW | EV=28.92 | Prio=+0.740 [LOW]
    [EP 01] h= 8500/8760 | Solar=   0.0kW | BESS=20.0%/IDL | Grid= 406.0kW | EV=0.00 | Prio=+0.000 
    [STEP   8500] | Actor=-114.194 | Critic=2.420 | Q=92.3 | alpha=0.8399 | Buf=2.1% | Upd/s=0.25 | LR=2.0e-04

====================================================================================================
[TIMESTEP 8,500] PROGRESO MULTIOBJETIVO SAC - 0.97 EPISODIOS
====================================================================================================
  [EXPLORACION]
    - Entropy coefficient (alpha): AUTO-TUNING (dinamico)
  [BUFFER DE EXPERIENCIAS]
    - Tamano actual:     8,499 / 400,000 (2.1%)
  [APRENDIZAJE]
    - Learning rate:     1.99e-04 (adaptativo (schedule))
    - Actualizaciones:   874 (gradient steps)
    - Ratio updates:     0.103 upd/step
  [LOSS FUNCTIONS]
    - Critic Loss (TD):  2.420385
    - Actor Loss:        -114.194168 [!] PROBLEMA: Rewards muy grandes (esperado [-10, 10])
              -> Esta ocurriendo overflow de rewards
              -> Verificar normalizacion en step function
              -> Solucion: Dividir rewards por mayor factor
  [Q-VALUES (CRITIC)]
  [ESTADO]
    - Episodios completos: 0
    - Horas simuladas:     8500 / 131,400

    [EP 01] h= 8600/8760 | Solar= 108.7kW | BESS=28.6%/CHG | Grid= 714.0kW | EV=48.48 | Prio=+1.345 [LOW]
    [EP 01] h= 8700/8760 | Solar=2536.9kW | BESS=100.0%/DIS | Grid=   0.0kW | EV=1.79 | Prio=+0.142 [MEDIUM]
    [EP 01]  EPISODIO COMPLETADO (MULTIOBJETIVO + PRIORIZACION SOC):
         Total Reward:                0.67 pts
         Solar kWh:              8292514.1 kWh
         Grid Import:            6502667.2 kWh
         CO2 Avoided:            7580415.3 kg
         EV Satisfaction:       6624380.02 %
         Prioritization Rwd:       2765.42 pts
         Completion Reward:         543.15 pts

         --- DATOS REALES (DATASET BESS) ---
           Solar->EV (REAL):        179,587 kWh
           BESS->EV (REAL):         143,740 kWh
           Grid Import (REAL):   6,485,565 kWh
           CO2 Evitado (REAL):     279,679 kg
           Costo Grid (REAL): 2,300,787.03 soles
           Ahorro Pico (REAL):  182,247.54 soles

         --- BESS AGENTE ---
             BESS Descarga:        677835.7 kWh
             BESS Carga:           790715.6 kWh
             BESS Ciclos:              3571

         --- CO2 ESTRUCTURA v7.1 ---
           CO2 DIRECTO (EV):       456,561 kg (cambio combustible)
           CO2 INDIRECTO:
             Solar->EV,BESS,Mall:  3,749,046 kg
             BESS->EV,Mall:          421,229 kg (peak shaving)
           CO2 TOTAL EVITADO:    4,626,836 kg
           CO2 MALL EMITIDO:     5,591,868 kg (NO reduce)
           CO2 Grid Emitido:     2,939,856 kg
         --- COSTOS CALCULADOS ---
           Costo Grid:        2,300,787.03 soles
           Ahorro Solar:      1,595,159.54 soles
           Ahorro BESS:         182,247.54 soles

          MOTOS @ SOC:     10%=  9 | 20%=  9 | 30%= 14 | 50%= 13 | 70%=  9 | 80%= 14 | 100%=  0
          MOTOTAXIS @ SOC:  10%=  5 | 20%=  5 | 30%=  6 | 50%=  5 | 70%=  4 | 80%=  5 | 100%=  0
          PRIORIZACION:     Accuracy=45.5% | Decisiones bajo escasez: 6505
          CARGADOS AL 100%: 48074 vehiculos

[ERROR - INTENTO 1] name 'W_PRIORITIZATION' is not defined...
[REINTENTANDO] Reinicio en 5 segundos...

[INTENTO 2/3] Iniciando entrenamiento SAC...
Logging to outputs\sac_training\tensorboard\SAC_0
    [EP 01]  EPISODIO COMPLETADO (MULTIOBJETIVO + PRIORIZACION SOC):
         Total Reward:                0.67 pts
         Solar kWh:              8292514.1 kWh
         Grid Import:            6502667.2 kWh
         CO2 Avoided:            7580415.3 kg
         EV Satisfaction:       6625359.61 %
         Prioritization Rwd:       2765.42 pts
         Completion Reward:         543.18 pts

         --- DATOS REALES (DATASET BESS) ---
           Solar->EV (REAL):        179,587 kWh
           BESS->EV (REAL):         143,740 kWh
           Grid Import (REAL):   6,485,565 kWh
           CO2 Evitado (REAL):     279,679 kg
           Costo Grid (REAL): 2,300,787.03 soles
           Ahorro Pico (REAL):  182,247.54 soles

         --- BESS AGENTE ---
             BESS Descarga:        677978.4 kWh
             BESS Carga:           790715.6 kWh
             BESS Ciclos:              3572

         --- CO2 ESTRUCTURA v7.1 ---
           CO2 DIRECTO (EV):       456,583 kg (cambio combustible)
           CO2 INDIRECTO:
             Solar->EV,BESS,Mall:  3,749,046 kg
             BESS->EV,Mall:          421,261 kg (peak shaving)
           CO2 TOTAL EVITADO:    4,626,890 kg
           CO2 MALL EMITIDO:     5,591,868 kg (NO reduce)
           CO2 Grid Emitido:     2,939,856 kg
         --- COSTOS CALCULADOS ---
           Costo Grid:        2,300,787.03 soles
           Ahorro Solar:      1,595,159.54 soles
           Ahorro BESS:         182,247.54 soles

          MOTOS @ SOC:     10%=  9 | 20%=  9 | 30%= 14 | 50%= 13 | 70%=  9 | 80%= 14 | 100%=  0
          MOTOTAXIS @ SOC:  10%=  5 | 20%=  5 | 30%=  6 | 50%=  5 | 70%=  4 | 80%=  5 | 100%=  0
          PRIORIZACION:     Accuracy=45.5% | Decisiones bajo escasez: 6505
          CARGADOS AL 100%: 48082 vehiculos

[ERROR - INTENTO 2] name 'W_PRIORITIZATION' is not defined...
[REINTENTANDO] Reinicio en 5 segundos...

[INTENTO 3/3] Iniciando entrenamiento SAC...
Logging to outputs\sac_training\tensorboard\SAC_0
    [EP 01]  EPISODIO COMPLETADO (MULTIOBJETIVO + PRIORIZACION SOC):
         Total Reward:                0.68 pts
         Solar kWh:              8292514.1 kWh
         Grid Import:            6502667.2 kWh
         CO2 Avoided:            7580415.3 kg
         EV Satisfaction:       6625729.48 %
         Prioritization Rwd:       2765.42 pts
         Completion Reward:         543.18 pts

         --- DATOS REALES (DATASET BESS) ---
           Solar->EV (REAL):        179,587 kWh
           BESS->EV (REAL):         143,740 kWh
           Grid Import (REAL):   6,485,565 kWh
           CO2 Evitado (REAL):     279,679 kg
           Costo Grid (REAL): 2,300,787.03 soles
           Ahorro Pico (REAL):  182,247.54 soles

         --- BESS AGENTE ---
             BESS Descarga:        678026.5 kWh
             BESS Carga:           790715.6 kWh
             BESS Ciclos:              3572

         --- CO2 ESTRUCTURA v7.1 ---
           CO2 DIRECTO (EV):       456,592 kg (cambio combustible)
           CO2 INDIRECTO:
             Solar->EV,BESS,Mall:  3,749,046 kg
             BESS->EV,Mall:          421,272 kg (peak shaving)
           CO2 TOTAL EVITADO:    4,626,909 kg
           CO2 MALL EMITIDO:     5,591,868 kg (NO reduce)
           CO2 Grid Emitido:     2,939,856 kg
         --- COSTOS CALCULADOS ---
           Costo Grid:        2,300,787.03 soles
           Ahorro Solar:      1,595,159.54 soles
           Ahorro BESS:         182,247.54 soles

          MOTOS @ SOC:     10%=  9 | 20%=  9 | 30%= 14 | 50%= 13 | 70%=  9 | 80%= 14 | 100%=  0
          MOTOTAXIS @ SOC:  10%=  5 | 20%=  5 | 30%=  6 | 50%=  5 | 70%=  4 | 80%=  5 | 100%=  0
          PRIORIZACION:     Accuracy=45.5% | Decisiones bajo escasez: 6505
          CARGADOS AL 100%: 48085 vehiculos

[ERROR - INTENTO 3] name 'W_PRIORITIZATION' is not defined...
[FATAL] Se alcanzo el limite de reintentos (3)
[ACCION] Guardando checkpoint y continuando con resultados parciales...
[OK] Checkpoint final guardado: sac_model_final_20260216_211151.zip

  GUARDANDO ARCHIVOS DE SALIDA:
    [OK] trace_sac.csv: 8,759 registros -> outputs\sac_training\trace_sac.csv
    [OK] timeseries_sac.csv: 8,759 registros -> outputs\sac_training\timeseries_sac.csv
    [OK] result_sac.json: Resumen completo -> outputs\sac_training\result_sac.json

  ARCHIVOS GENERADOS:
    [OK] outputs\sac_training/result_sac.json
    [OK] outputs\sac_training/timeseries_sac.csv
    [OK] outputs\sac_training/trace_sac.csv

================================================================================
Fin: 2026-02-16 21:11:51
================================================================================
  10% --                         8,759/87,600  [ 0:00:25 < 0:03:59 , 331 it/s ]
   0%                                  0/87,600  [ 0:00:05 < -:--:-- , ? it/s ]
   0%                                  0/87,600  [ 0:00:05 < -:--:-- , ? it/s ]

   0%                                  0/87,600  [ 0:00:00 < -:--:-- , ? it/s ]

