================================================================================
ENTRENAR SAC - CON MULTIOBJETIVO REAL (CO2, SOLAR, COST, EV, GRID)
================================================================================
Inicio: 2026-02-14 21:52:53

[GPU] NVIDIA GeForce RTX 4060 Laptop GPU
   VRAM: 8.6 GB
   CUDA: 12.1
   Entrenamiento SAC en GPU (actor-critic 512x512, replay buffer 2M - OPCION A Aggressive)
   Device: CUDA


[INFO] Checkpoints SAC existentes seran PRESERVADOS (continuar entrenamiento)
       Para entrenar desde cero, descomentar clean_sac_checkpoints_safe() en main()

  Dataset precompilado: data\processed\citylearn\iquitos_ev_mall
  OK Dataset: data\processed\citylearn\iquitos_ev_mall

[3] CARGAR DATOS DEL DATASET CITYLEARN V2 CONSTRUIDO (8760 horas = 1 ano)
--------------------------------------------------------------------------------
  [SOLAR] [OK] REAL: col=ac_power_kw | 8292514 kWh/year (8760h)
  [SOLAR] Columnas cargadas: ['ghi_wm2', 'dni_wm2', 'dhi_wm2', 'temp_air_c', 'wind_speed_ms', 'dc_power_kw', 'ac_power_kw', 'dc_energy_kwh', 'ac_energy_kwh']
  [SOLAR]   GHI: max=1000 W/m2, sum=1,668,084
  [SOLAR]   Temp: min=20.7C, max=33.2C
  [CHARGERS] [OK] REAL: Loading from chargers_ev_ano_2024_v3.csv
  [CHARGERS] [OK] REAL: 38 sockets total (ESPECIFICACION OE2: 38)
  [CHARGERS]   MOTOS:     30 sockets | 1,944,720 kWh/ano | 222.0 kW avg
  [CHARGERS]   MOTOTAXIS: 8 sockets | 518,592 kWh/ano | 59.2 kW avg
  [CHARGERS]   TOTAL:     2,463,312 kWh/ano | 281.2 kW avg
  [MALL] [OK] REAL: 12368653 kWh/year (avg 1411.9 kW/h)
  [BESS] [!] SIMULATED - Loading from: bess_ano_2024.csv (OE2 REAL)
  [BESS] Simulated avg SOC: 55.2%
  [BESS] Costos grid:         2,300,787.00 soles/ano
  [BESS] Ahorros pico:        182,247.53 soles/ano
  [BESS] CO2 evitado indirecto: 279,679 kg/ano
  [BESS] Solar->EV:            179,587 kWh/ano
  [BESS] BESS->EV:             143,740 kWh/ano
  [BESS] Grid import total:   6,485,565 kWh/ano
  [CHARGER STATS] Cargada desde: chargers_real_statistics.csv
  [BESS] EV Demand (REAL):    412,236 kWh/ano
  [BESS] Mall Demand (REAL):  12,368,653 kWh/ano
  [BESS] PV Gen (REAL):       8,292,514 kWh/ano

[LOAD] Extrayendo TODAS las variables observables del dataset_builder v5.5...
[LOAD] Cargando variables observables...
[LOAD] Observables: usando fallback (None - datos reales en observacion directa)

  [OK] Validacion de dimensiones OK (8760 horas x 4 datasets)
[3.5] VALIDAR CALIDAD DE DATOS
--------------------------------------------------------------------------------
  [OK] Solar: OK (sin NaN/inf)
  [OK] Chargers: OK (sin NaN/inf)
  [OK] Mall: OK (sin NaN/inf)
  [OK] BESS SOC: OK (sin NaN/inf)
  [OK] BESS Costs: OK (sin NaN/inf)
  [OK] Charger Max Power: OK (sin NaN/inf)
  [OK] Charger Mean Power: OK (sin NaN/inf)

[4] CONFIGURAR AGENTE SAC CON DATOS 100% REALES
--------------------------------------------------------------------------------
  === SOLAR (PVGIS + PVLib) ===
  Solar AC Power:  cargado [OK] (8760 horas, 8,292,514 kWh/ano)
  Solar Columnas:  9 columnas REALES: ['ghi_wm2', 'dni_wm2', 'dhi_wm2', 'temp_air_c', 'wind_speed_ms', 'dc_power_kw', 'ac_power_kw', 'dc_energy_kwh', 'ac_energy_kwh']

  === CHARGERS (MEDICIONES) ===
  MOTOS:           30 sockets | 1,944,720 kWh/ano
  MOTOTAXIS:       8 sockets | 518,592 kWh/ano
  TOTAL:           38 sockets | 2,463,312 kWh/ano

  === MALL (MEDICIONES) ===
  Mall demand:     cargado [OK] (12,368,653 kWh/ano)

  === BESS (SIMULACION CON DATOS REALES) ===
  BESS SOC:        cargado [OK] (avg: 55.2%)
  BESS Costos:     cargado [OK] (2,300,787 soles/ano)
  BESS Peak Svngs: cargado [OK] (182,248 soles/ano)
  Tarifa OSINERG:  cargado [OK] (mean: 0.3083 sol/kWh)
  CO2 Evitado:     cargado [OK] (279,679 kg/ano)
  Energy Flows:    cargado [OK] (12 flujos)

  === DEMANDAS REALES (DATASET BESS) ===
  EV Demand REAL:  412,236 kWh/ano
  Mall Dem REAL:   12,368,653 kWh/ano
  PV Gen REAL:     8,292,514 kWh/ano

  Learning rate:        <function SACConfig.adaptive_lr_schedule.<locals>.schedule at 0x000001D4B886F880>
  Buffer size:          300,000
  Batch size:           64
  Tau (soft update):    0.002
  Entropy coef:         auto
  Network:              Actor/Critic [256, 256]

[5] CONFIGURAR MULTIOBJETIVO (CO2, SOLAR, COST, EV, GRID)
--------------------------------------------------------------------------------
  OK Reward weights loaded (co2_focus):
     - CO2 grid:         0.350
     - Solar:            0.200
     - EV satisfaction:  0.300
     - Cost:             0.100
     - Grid stability:   0.050

[6] CREAR AMBIENTE REAL CON DATOS OE2 (CON REWARD WEIGHTS)
--------------------------------------------------------------------------------
  [OK] Ambiente REAL creado con datos OE2 100% REALES:
     - Observation space: 246 dims (v6.0: 156 base + 90 new features = bidirectional communication)
     - Action space:      39 dims (BESS + 38 sockets)
     - Solar data:        9 columnas REALES (GHI, DNI, temp, etc.)
     - MOTOS:             30 sockets (30 max)
     - MOTOTAXIS:         8 sockets (8 max)
     - Energy flows:      12 flujos REALES
     - Observable vars: 27 columnas del dataset_builder (todas las reales)
     - EV Demand REAL:    SI
     - Mall Demand REAL:  SI
     - COMUNICACION:      BESS<->Solar<->EV<->Cargadores<->Motos<->Mototaxis + Dataset_Builder
  Observation space: 246 (v6.0: 156 base + 38 per-socket SOC + 38 time remaining + 14 signals)
  Action space:      39 (1 BESS + 38 chargers)
  Datos cargados:
    - Solar:     8760 horas
    - Chargers:  38 sockets

[7] INICIALIZAR AGENTE SAC
--------------------------------------------------------------------------------
  [LIMPIEZA] Removido: sac_model_interrupted.zip
  [LIMPIEZA] Removido: sac_model_final_20260214_215158.zip
  Checkpoint valido encontrado: sac_model_43800_steps.zip
  Cargando SAC desde checkpoint: sac_model_43800_steps.zip
Wrapping the env with a `Monitor` wrapper
Wrapping the env in a DummyVecEnv.
  Device: cuda

[8] ENTRENAMIENTO SAC - 15 EPISODIOS COMPLETOS (OPTIMIZADO)
--------------------------------------------------------------------------------
  Total timesteps: 131,400 (15 episodios x 8,760 h/episodio)
  Checkpoint cada: 1,000 steps
  Warmup steps:    5,000 (random exploration)
  Batch size:      64
  Buffer size:     300,000
  tau:             0.002
  gamma:           0.98
  Train freq:      (4, 'step')
  Gradient steps:  2 (updates per env step)
  Entropy coef:    auto
  Target entropy:  -19.5
  Learning rate:   <function SACConfig.adaptive_lr_schedule.<locals>.schedule at 0x000001D4B886F880>
  Networks:        Actor/Critic [256, 256]
  Datos: Datos reales OE2 (solar 8.29GWh + chargers + mall 12.37GWh + BESS 940kWh)
  Device: CUDA

  METRICAS LOGUEADAS (cada 500 steps):
  - Actor loss, Critic loss (Q1/Q2)
  - Mean Q-value (alerta si > 1000)
  - Entropy y alpha (alerta si entropy < 0.1 o alpha < 0.01)
  - Replay buffer fill %
  - Updates per step (ratio real)
  - Mean/Std acciones, log_std
  EVAL (cada 8760 steps = 1 episodio):
  - Eval Return (deterministico, sin ruido)

  Progreso por episodio (cada 100 timesteps dentro del episodio):
--------------------------------------------------------------------------------

[PARAMETROS MULTIOBJETIVO - PESOS DE RECOMPENSA]
--------------------------------------------------------------------------------
  [OK] Reward weights cargados (priority=co2_focus):
    - CO2 Grid Minimization:    0.350
    - Solar Self-Consumption:  0.200
    - EV Satisfaction:         0.300
    - Cost Minimization:       0.100
    - Grid Stability:          0.050
  [OK] Total weight sum:          1.000


[INTENTO 1/3] Iniciando entrenamiento SAC...
Logging to outputs\sac_training\tensorboard\SAC_0
    [EP 02] h=  100/8760 | Solar=   0.0kW | BESS=20.0%/CHG | Grid= 584.0kW | EV=0.00 | Prio=+0.000 
    [EP 02] h=  200/8760 | Solar= 509.3kW | BESS=47.2%/CHG | Grid= 653.7kW | EV=69.90 | Prio=+0.382 [LOW]
    [EP 02] h=  300/8760 | Solar=2886.7kW | BESS=100.0%/CHG | Grid=   0.0kW | EV=0.81 | Prio=+0.329 [MEDIUM]
    [EP 02] h=  400/8760 | Solar=1858.7kW | BESS=75.9%/CHG | Grid= 109.3kW | EV=0.00 | Prio=+0.000 [HIGH]
    [EP 02] h=  500/8760 | Solar=   0.0kW | BESS=27.6%/CHG | Grid=1798.3kW | EV=0.33 | Prio=-1.105 [HIGH]
    [EP 02] h=  600/8760 | Solar=   0.0kW | BESS=20.0%/CHG | Grid= 718.0kW | EV=24.10 | Prio=+0.079 [LOW]
    [EP 02] h=  700/8760 | Solar=   0.0kW | BESS=20.0%/CHG | Grid= 604.0kW | EV=0.00 | Prio=+0.000 
    [EP 02] h=  800/8760 | Solar= 773.5kW | BESS=42.9%/CHG | Grid= 262.5kW | EV=67.59 | Prio=+0.000 [LOW]
    [EP 02] h=  900/8760 | Solar=2883.0kW | BESS=100.0%/CHG | Grid=   0.0kW | EV=0.57 | Prio=+0.257 [MEDIUM]
    [EP 02] h= 1000/8760 | Solar=1792.4kW | BESS=75.9%/CHG | Grid=  66.6kW | EV=0.00 | Prio=+0.000 [HIGH]
    [EVAL] Step  43801 | Deterministic Return: -0.70
    [STEP  43801] | Buf=0.0% | Upd/s=0.44 | LR=5.0e-05
    [EP 02] h= 1100/8760 | Solar=   0.0kW | BESS=51.7%/CHG | Grid=1753.3kW | EV=0.31 | Prio=+1.296 [HIGH]

====================================================================================================
[TIMESTEP 44,000] PROGRESO MULTIOBJETIVO SAC - 5.02 EPISODIOS
====================================================================================================
  [EXPLORACION]
    - Entropy coefficient (alpha): AUTO-TUNING (dinamico)
  [BUFFER DE EXPERIENCIAS]
    - Tamano actual:     199 / 300,000 (0.1%)
  [APRENDIZAJE]
    - Learning rate:     2.49e-04 (adaptativo (schedule))
    - Actualizaciones:   19,494 (gradient steps)
    - Ratio updates:     0.443 upd/step
  [LOSS FUNCTIONS]
    - Critic Loss (TD):  0.011746
    - Actor Loss:        -80.534153 [OK]
  [Q-VALUES (CRITIC)]
    - Mean Q1:        +80.413 +/- 0.242
    - Mean Q2:        +80.417
    - Mean Q (avg):   +80.415
  [ACCIONES]
    - Mean:           -0.092
    - Std:            0.713
    - Min/Max:        [-1.000, 1.000]
    - Saturacion:     57.3% en limites inferiores, 5.7% en superiores
  [ESTADO]
    - Episodios completos: 5
    - Horas simuladas:     44000 / 131,400

    [EP 02] h= 1200/8760 | Solar=   0.0kW | BESS=20.0%/CHG | Grid= 769.0kW | EV=11.48 | Prio=+1.471 [LOW]
    [EP 02] h= 1300/8760 | Solar=   0.0kW | BESS=20.0%/CHG | Grid= 662.0kW | EV=1.34 | Prio=+0.000 
    [EP 02] h= 1400/8760 | Solar= 417.5kW | BESS=42.9%/IDL | Grid= 642.5kW | EV=71.98 | Prio=+0.559 [LOW]
    [EP 02] h= 1500/8760 | Solar=1708.0kW | BESS=75.9%/CHG | Grid= 356.2kW | EV=0.68 | Prio=+0.652 [MEDIUM]
    [STEP  44301] | Actor=-80.054 | Critic=0.004 | Q=80.0 | alpha=0.0057 | Buf=0.2% | Upd/s=0.50 | LR=2.5e-04
    [!]  ALPHA BAJO: 0.0057 (exploracion colapsada)
            -> Accion: Usar ent_coef fijo en lugar de 'auto'
    [EP 02] h= 1600/8760 | Solar=1519.4kW | BESS=75.9%/CHG | Grid= 272.1kW | EV=0.02 | Prio=+1.513 [HIGH]

====================================================================================================
[TIMESTEP 44,500] PROGRESO MULTIOBJETIVO SAC - 5.08 EPISODIOS
====================================================================================================
  [EXPLORACION]
    - Entropy coefficient (alpha): AUTO-TUNING (dinamico)
  [BUFFER DE EXPERIENCIAS]
    - Tamano actual:     699 / 300,000 (0.2%)
  [APRENDIZAJE]
    - Learning rate:     2.47e-04 (adaptativo (schedule))
    - Actualizaciones:   19,744 (gradient steps)
    - Ratio updates:     0.444 upd/step
  [LOSS FUNCTIONS]
    - Critic Loss (TD):  0.003793
    - Actor Loss:        -79.788147 [OK]
  [Q-VALUES (CRITIC)]
    - Mean Q1:        +79.684 +/- 0.216
    - Mean Q2:        +79.682
    - Mean Q (avg):   +79.683
  [ACCIONES]
    - Mean:           -0.031
    - Std:            0.654
    - Min/Max:        [-0.999, 1.000]
    - Saturacion:     53.0% en limites inferiores, 3.4% en superiores
  [ESTADO]
    - Episodios completos: 5
    - Horas simuladas:     44500 / 131,400

    [EP 02] h= 1700/8760 | Solar=   0.0kW | BESS=51.7%/CHG | Grid=1686.9kW | EV=0.36 | Prio=+1.567 [HIGH]
    [EP 02] h= 1800/8760 | Solar=   0.0kW | BESS=20.0%/CHG | Grid= 645.0kW | EV=24.64 | Prio=+0.029 [LOW]
    [EP 02] h= 1900/8760 | Solar=   0.0kW | BESS=20.0%/CHG | Grid= 435.0kW | EV=0.00 | Prio=+0.000 
    [EP 02] h= 2000/8760 | Solar= 769.9kW | BESS=47.3%/CHG | Grid= 129.1kW | EV=56.14 | Prio=+0.000 [LOW]
    [STEP  44801] | Actor=-79.362 | Critic=0.002 | Q=79.3 | alpha=0.0053 | Buf=0.3% | Upd/s=0.50 | LR=2.5e-04
    [!]  ALPHA BAJO: 0.0053 (exploracion colapsada)
            -> Accion: Usar ent_coef fijo en lugar de 'auto'
    [EP 02] h= 2100/8760 | Solar=2886.7kW | BESS=100.0%/DIS | Grid=   0.0kW | EV=0.63 | Prio=+0.014 [MEDIUM]

====================================================================================================
[TIMESTEP 45,000] PROGRESO MULTIOBJETIVO SAC - 5.14 EPISODIOS
====================================================================================================
  [EXPLORACION]
    - Entropy coefficient (alpha): AUTO-TUNING (dinamico)
  [BUFFER DE EXPERIENCIAS]
    - Tamano actual:     1,199 / 300,000 (0.4%)
  [APRENDIZAJE]
    - Learning rate:     2.46e-04 (adaptativo (schedule))
    - Actualizaciones:   19,994 (gradient steps)
    - Ratio updates:     0.444 upd/step
  [LOSS FUNCTIONS]
    - Critic Loss (TD):  0.007032
    - Actor Loss:        -79.082336 [OK]
  [Q-VALUES (CRITIC)]
    - Mean Q1:        +78.979 +/- 0.204
    - Mean Q2:        +78.980
    - Mean Q (avg):   +78.980
  [ACCIONES]
    - Mean:           -0.025
    - Std:            0.631
    - Min/Max:        [-0.998, 0.996]
    - Saturacion:     53.4% en limites inferiores, 2.5% en superiores
  [ESTADO]
    - Episodios completos: 5
    - Horas simuladas:     45000 / 131,400

    [EP 02] h= 2200/8760 | Solar=1810.0kW | BESS=75.9%/DIS | Grid= 226.7kW | EV=0.06 | Prio=+1.490 [HIGH]
    [EP 02] h= 2300/8760 | Solar=   0.0kW | BESS=41.7%/CHG | Grid=1903.5kW | EV=0.22 | Prio=+1.454 [HIGH]
    [EP 02] h= 2400/8760 | Solar=   0.0kW | BESS=20.0%/DIS | Grid= 616.0kW | EV=27.74 | Prio=+1.226 [LOW]
    [EP 02] h= 2500/8760 | Solar=   0.0kW | BESS=20.0%/DIS | Grid= 399.0kW | EV=0.15 | Prio=+0.000 
    [STEP  45301] | Actor=-78.651 | Critic=0.003 | Q=78.5 | alpha=0.0050 | Buf=0.5% | Upd/s=0.50 | LR=2.5e-04
    [!]  ALPHA BAJO: 0.0050 (exploracion colapsada)
            -> Accion: Usar ent_coef fijo en lugar de 'auto'
    [EP 02] h= 2600/8760 | Solar=1304.3kW | BESS=52.0%/IDL | Grid=   0.0kW | EV=69.86 | Prio=+0.000 [LOW]

====================================================================================================
[TIMESTEP 45,500] PROGRESO MULTIOBJETIVO SAC - 5.19 EPISODIOS
====================================================================================================
  [EXPLORACION]
    - Entropy coefficient (alpha): AUTO-TUNING (dinamico)
  [BUFFER DE EXPERIENCIAS]
    - Tamano actual:     1,699 / 300,000 (0.6%)
  [APRENDIZAJE]
    - Learning rate:     2.45e-04 (adaptativo (schedule))
    - Actualizaciones:   20,244 (gradient steps)
    - Ratio updates:     0.445 upd/step
  [LOSS FUNCTIONS]
    - Critic Loss (TD):  0.002891
    - Actor Loss:        -78.357735 [OK]
  [Q-VALUES (CRITIC)]
    - Mean Q1:        +78.234 +/- 0.183
    - Mean Q2:        +78.233
    - Mean Q (avg):   +78.234
  [ACCIONES]
    - Mean:           -0.030
    - Std:            0.638
    - Min/Max:        [-0.999, 0.998]
    - Saturacion:     53.9% en limites inferiores, 3.1% en superiores
  [ESTADO]
    - Episodios completos: 5
    - Horas simuladas:     45500 / 131,400

    [EP 02] h= 2700/8760 | Solar=2886.7kW | BESS=100.0%/CHG | Grid=   0.0kW | EV=0.91 | Prio=+0.546 [MEDIUM]
    [EP 02] h= 2800/8760 | Solar=2378.8kW | BESS=100.0%/DIS | Grid=   0.0kW | EV=0.04 | Prio=+1.146 [HIGH]
    [EP 02] h= 2900/8760 | Solar=   0.0kW | BESS=36.8%/CHG | Grid=1899.3kW | EV=0.26 | Prio=+1.544 [HIGH]
    [EP 02] h= 3000/8760 | Solar=   0.0kW | BESS=20.0%/CHG | Grid= 577.0kW | EV=17.10 | Prio=+0.755 [LOW]
    [STEP  45801] | Actor=-77.930 | Critic=0.001 | Q=77.8 | alpha=0.0047 | Buf=0.7% | Upd/s=0.50 | LR=2.4e-04
    [SAC INFO] Baselines establecidos:
               Alpha: 0.0041
    [EP 02] h= 3100/8760 | Solar=   0.0kW | BESS=20.0%/IDL | Grid= 492.0kW | EV=0.31 | Prio=+0.000 

====================================================================================================
[TIMESTEP 46,000] PROGRESO MULTIOBJETIVO SAC - 5.25 EPISODIOS
====================================================================================================
  [EXPLORACION]
    - Entropy coefficient (alpha): AUTO-TUNING (dinamico)
  [BUFFER DE EXPERIENCIAS]
    - Tamano actual:     2,199 / 300,000 (0.7%)
  [APRENDIZAJE]
    - Learning rate:     2.43e-04 (adaptativo (schedule))
    - Actualizaciones:   20,494 (gradient steps)
    - Ratio updates:     0.446 upd/step
  [LOSS FUNCTIONS]
    - Critic Loss (TD):  0.001854
    - Actor Loss:        -77.687698 [OK]
  [Q-VALUES (CRITIC)]
    - Mean Q1:        +77.560 +/- 0.217
    - Mean Q2:        +77.562
    - Mean Q (avg):   +77.561
  [ACCIONES]
    - Mean:           -0.008
    - Std:            0.619
    - Min/Max:        [-1.000, 0.999]
    - Saturacion:     52.3% en limites inferiores, 3.0% en superiores
  [ESTADO]
    - Episodios completos: 5
    - Horas simuladas:     46000 / 131,400

    [EP 02] h= 3200/8760 | Solar=1228.0kW | BESS=51.6%/DIS | Grid=   0.0kW | EV=61.69 | Prio=+0.000 [LOW]
    [EP 02] h= 3300/8760 | Solar=2886.7kW | BESS=100.0%/DIS | Grid=   0.0kW | EV=0.56 | Prio=+0.239 [MEDIUM]
    [EP 02] h= 3400/8760 | Solar=1734.8kW | BESS=98.8%/DIS | Grid= 905.8kW | EV=0.04 | Prio=-1.445 [HIGH]
    [EP 02] h= 3500/8760 | Solar=   0.0kW | BESS=31.6%/CHG | Grid=1976.8kW | EV=0.36 | Prio=+1.197 [HIGH]
    [STEP  46301] | Actor=-77.206 | Critic=0.006 | Q=77.1 | alpha=0.0044 | Buf=0.8% | Upd/s=0.50 | LR=2.4e-04
    [EP 02] h= 3600/8760 | Solar=   0.0kW | BESS=20.0%/CHG | Grid= 512.0kW | EV=20.35 | Prio=+1.124 [LOW]

====================================================================================================
[TIMESTEP 46,500] PROGRESO MULTIOBJETIVO SAC - 5.31 EPISODIOS
====================================================================================================
  [EXPLORACION]
    - Entropy coefficient (alpha): AUTO-TUNING (dinamico)
  [BUFFER DE EXPERIENCIAS]
    - Tamano actual:     2,699 / 300,000 (0.9%)
  [APRENDIZAJE]
    - Learning rate:     2.42e-04 (adaptativo (schedule))
    - Actualizaciones:   20,744 (gradient steps)
    - Ratio updates:     0.446 upd/step
  [LOSS FUNCTIONS]
    - Critic Loss (TD):  0.005734
    - Actor Loss:        -76.921997 [OK]
  [Q-VALUES (CRITIC)]
    - Mean Q1:        +76.825 +/- 0.194
    - Mean Q2:        +76.821
    - Mean Q (avg):   +76.823
  [ACCIONES]
    - Mean:           -0.022
    - Std:            0.621
    - Min/Max:        [-0.997, 0.999]
    - Saturacion:     53.3% en limites inferiores, 2.6% en superiores
  [ESTADO]
    - Episodios completos: 5
    - Horas simuladas:     46500 / 131,400

    [EP 02] h= 3700/8760 | Solar=   0.0kW | BESS=20.0%/IDL | Grid= 432.0kW | EV=0.53 | Prio=+0.000 
    [EP 02] h= 3800/8760 | Solar= 992.8kW | BESS=52.9%/CHG | Grid=   0.0kW | EV=69.09 | Prio=+0.000 [LOW]
    [EP 02] h= 3900/8760 | Solar=2886.7kW | BESS=100.0%/CHG | Grid=   0.0kW | EV=0.39 | Prio=+0.111 [MEDIUM]
    [EP 02] h= 4000/8760 | Solar=1970.1kW | BESS=75.9%/DIS | Grid= 119.1kW | EV=0.02 | Prio=+0.000 [HIGH]
    [STEP  46801] | Actor=-76.509 | Critic=0.006 | Q=76.4 | alpha=0.0042 | Buf=1.0% | Upd/s=0.50 | LR=2.4e-04
    [EP 02] h= 4100/8760 | Solar=   0.0kW | BESS=32.7%/CHG | Grid=1927.9kW | EV=0.38 | Prio=+1.304 [HIGH]

====================================================================================================
[TIMESTEP 47,000] PROGRESO MULTIOBJETIVO SAC - 5.37 EPISODIOS
====================================================================================================
  [EXPLORACION]
    - Entropy coefficient (alpha): AUTO-TUNING (dinamico)
  [BUFFER DE EXPERIENCIAS]
    - Tamano actual:     3,199 / 300,000 (1.1%)
  [APRENDIZAJE]
    - Learning rate:     2.41e-04 (adaptativo (schedule))
    - Actualizaciones:   20,994 (gradient steps)
    - Ratio updates:     0.447 upd/step
  [LOSS FUNCTIONS]
    - Critic Loss (TD):  0.000836
    - Actor Loss:        -76.199947 [OK]
  [Q-VALUES (CRITIC)]
    - Mean Q1:        +76.152 +/- 0.206
    - Mean Q2:        +76.154
    - Mean Q (avg):   +76.153
  [ACCIONES]
    - Mean:           -0.014
    - Std:            0.616
    - Min/Max:        [-0.999, 0.999]
    - Saturacion:     51.9% en limites inferiores, 2.5% en superiores
  [ESTADO]
    - Episodios completos: 5
    - Horas simuladas:     47000 / 131,400

    [EP 02] h= 4200/8760 | Solar=   0.0kW | BESS=20.0%/DIS | Grid= 571.0kW | EV=17.55 | Prio=+1.390 [LOW]
    [EP 02] h= 4300/8760 | Solar=   0.0kW | BESS=20.0%/IDL | Grid= 442.0kW | EV=0.00 | Prio=+0.000 
    [EP 02] h= 4400/8760 | Solar= 984.0kW | BESS=42.9%/CHG | Grid=  57.0kW | EV=56.43 | Prio=+0.000 [LOW]
    [EP 02] h= 4500/8760 | Solar=2886.7kW | BESS=100.0%/CHG | Grid=   0.0kW | EV=0.42 | Prio=+0.248 [MEDIUM]
    [STEP  47301] | Actor=-75.800 | Critic=0.001 | Q=75.7 | alpha=0.0039 | Buf=1.2% | Upd/s=0.50 | LR=2.4e-04
    [EP 02] h= 4600/8760 | Solar=1640.7kW | BESS=75.9%/CHG | Grid= 243.9kW | EV=0.06 | Prio=-0.891 [HIGH]

====================================================================================================
[TIMESTEP 47,500] PROGRESO MULTIOBJETIVO SAC - 5.42 EPISODIOS
====================================================================================================
  [EXPLORACION]
    - Entropy coefficient (alpha): AUTO-TUNING (dinamico)
  [BUFFER DE EXPERIENCIAS]
    - Tamano actual:     3,699 / 300,000 (1.2%)
  [APRENDIZAJE]
    - Learning rate:     2.39e-04 (adaptativo (schedule))
    - Actualizaciones:   21,244 (gradient steps)
    - Ratio updates:     0.447 upd/step
  [LOSS FUNCTIONS]
    - Critic Loss (TD):  0.002388
    - Actor Loss:        -75.550087 [OK]
  [Q-VALUES (CRITIC)]
    - Mean Q1:        +75.445 +/- 0.216
    - Mean Q2:        +75.442
    - Mean Q (avg):   +75.443
  [ACCIONES]
    - Mean:           -0.030
    - Std:            0.618
    - Min/Max:        [-0.999, 1.000]
    - Saturacion:     54.4% en limites inferiores, 2.6% en superiores
  [ESTADO]
    - Episodios completos: 5
    - Horas simuladas:     47500 / 131,400

    [EP 02] h= 4700/8760 | Solar=   0.0kW | BESS=51.7%/CHG | Grid=1597.9kW | EV=0.22 | Prio=+1.051 [HIGH]
    [EP 02] h= 4800/8760 | Solar=   0.0kW | BESS=20.0%/DIS | Grid= 537.0kW | EV=21.17 | Prio=+0.853 [LOW]
    [EP 02] h= 4900/8760 | Solar=   0.0kW | BESS=20.0%/CHG | Grid= 407.0kW | EV=0.00 | Prio=+0.000 
    [EP 02] h= 5000/8760 | Solar=1182.1kW | BESS=42.9%/CHG | Grid=   0.0kW | EV=59.35 | Prio=+0.000 [LOW]
    [STEP  47801] | Actor=-75.120 | Critic=0.002 | Q=75.0 | alpha=0.0037 | Buf=1.3% | Upd/s=0.50 | LR=2.4e-04
    [EP 02] h= 5100/8760 | Solar=2886.7kW | BESS=100.0%/CHG | Grid=   0.0kW | EV=0.43 | Prio=+0.052 [MEDIUM]

====================================================================================================
[TIMESTEP 48,000] PROGRESO MULTIOBJETIVO SAC - 5.48 EPISODIOS
====================================================================================================
  [EXPLORACION]
    - Entropy coefficient (alpha): AUTO-TUNING (dinamico)
  [BUFFER DE EXPERIENCIAS]
    - Tamano actual:     4,199 / 300,000 (1.4%)
  [APRENDIZAJE]
    - Learning rate:     2.38e-04 (adaptativo (schedule))
    - Actualizaciones:   21,494 (gradient steps)
    - Ratio updates:     0.448 upd/step
  [LOSS FUNCTIONS]
    - Critic Loss (TD):  0.002540
    - Actor Loss:        -74.826057 [OK]
  [Q-VALUES (CRITIC)]
    - Mean Q1:        +74.723 +/- 0.201
    - Mean Q2:        +74.727
    - Mean Q (avg):   +74.725
  [ACCIONES]
    - Mean:           -0.025
    - Std:            0.618
    - Min/Max:        [-1.000, 0.999]
    - Saturacion:     52.8% en limites inferiores, 2.6% en superiores
  [ESTADO]
    - Episodios completos: 5
    - Horas simuladas:     48000 / 131,400

    [EP 02] h= 5200/8760 | Solar=2414.7kW | BESS=100.0%/DIS | Grid=   0.0kW | EV=0.03 | Prio=+0.128 [HIGH]
    [EP 02] h= 5300/8760 | Solar=   0.0kW | BESS=35.8%/CHG | Grid=2026.3kW | EV=0.32 | Prio=+0.147 [HIGH]
    [EP 02] h= 5400/8760 | Solar=   0.0kW | BESS=20.0%/DIS | Grid= 560.0kW | EV=23.28 | Prio=+0.928 [LOW]
    [EP 02] h= 5500/8760 | Solar=   0.0kW | BESS=20.0%/DIS | Grid= 407.0kW | EV=0.00 | Prio=+0.000 
    [STEP  48301] | Actor=-74.418 | Critic=0.001 | Q=74.3 | alpha=0.0035 | Buf=1.5% | Upd/s=0.50 | LR=2.4e-04
    [EP 02] h= 5600/8760 | Solar= 896.8kW | BESS=48.3%/DIS | Grid= 191.2kW | EV=52.68 | Prio=+0.000 [LOW]

====================================================================================================
[TIMESTEP 48,500] PROGRESO MULTIOBJETIVO SAC - 5.54 EPISODIOS
====================================================================================================
  [EXPLORACION]
    - Entropy coefficient (alpha): AUTO-TUNING (dinamico)
  [BUFFER DE EXPERIENCIAS]
    - Tamano actual:     4,699 / 300,000 (1.6%)
  [APRENDIZAJE]
    - Learning rate:     2.37e-04 (adaptativo (schedule))
    - Actualizaciones:   21,744 (gradient steps)
    - Ratio updates:     0.448 upd/step
  [LOSS FUNCTIONS]
    - Critic Loss (TD):  0.001848
    - Actor Loss:        -74.179493 [OK]
  [Q-VALUES (CRITIC)]
    - Mean Q1:        +74.022 +/- 0.244
    - Mean Q2:        +74.029
    - Mean Q (avg):   +74.025
  [ACCIONES]
    - Mean:           -0.022
    - Std:            0.608
    - Min/Max:        [-0.997, 0.997]
    - Saturacion:     52.9% en limites inferiores, 2.1% en superiores
  [ESTADO]
    - Episodios completos: 5
    - Horas simuladas:     48500 / 131,400

    [EP 02] h= 5700/8760 | Solar=2886.7kW | BESS=100.0%/CHG | Grid=   0.0kW | EV=0.40 | Prio=+0.449 [MEDIUM]
    [EP 02] h= 5800/8760 | Solar=2242.3kW | BESS=75.9%/DIS | Grid=  70.5kW | EV=0.03 | Prio=+0.467 [HIGH]
    [EP 02] h= 5900/8760 | Solar=   0.0kW | BESS=51.7%/IDL | Grid=1832.9kW | EV=0.31 | Prio=+1.039 [HIGH]
    [EP 02] h= 6000/8760 | Solar=   0.0kW | BESS=20.0%/DIS | Grid= 597.0kW | EV=24.70 | Prio=+0.272 [LOW]
    [STEP  48801] | Actor=-73.709 | Critic=0.003 | Q=73.7 | alpha=0.0033 | Buf=1.7% | Upd/s=0.50 | LR=2.4e-04
    [!]  ALPHA BAJO: 0.0033 (exploracion colapsada)
            -> Accion: Usar ent_coef fijo en lugar de 'auto'
    [EP 02] h= 6100/8760 | Solar=   0.0kW | BESS=20.0%/CHG | Grid= 442.0kW | EV=0.00 | Prio=+0.000 

====================================================================================================
[TIMESTEP 49,000] PROGRESO MULTIOBJETIVO SAC - 5.59 EPISODIOS
====================================================================================================
  [EXPLORACION]
    - Entropy coefficient (alpha): AUTO-TUNING (dinamico)
  [BUFFER DE EXPERIENCIAS]
    - Tamano actual:     5,199 / 300,000 (1.7%)
  [APRENDIZAJE]
    - Learning rate:     2.35e-04 (adaptativo (schedule))
    - Actualizaciones:   21,994 (gradient steps)
    - Ratio updates:     0.449 upd/step
  [LOSS FUNCTIONS]
    - Critic Loss (TD):  0.003533
    - Actor Loss:        -73.426910 [OK]
  [Q-VALUES (CRITIC)]
    - Mean Q1:        +73.370 +/- 0.222
    - Mean Q2:        +73.370
    - Mean Q (avg):   +73.370
  [ACCIONES]
    - Mean:           -0.028
    - Std:            0.605
    - Min/Max:        [-0.999, 0.998]
    - Saturacion:     53.9% en limites inferiores, 2.3% en superiores
  [ESTADO]
    - Episodios completos: 5
    - Horas simuladas:     49000 / 131,400

    [EP 02] h= 6200/8760 | Solar=1456.3kW | BESS=63.8%/DIS | Grid=   0.0kW | EV=40.89 | Prio=+0.000 [LOW]
    [EP 02] h= 6300/8760 | Solar=2886.7kW | BESS=100.0%/CHG | Grid=   0.0kW | EV=0.41 | Prio=+0.482 [MEDIUM]
    [EP 02] h= 6400/8760 | Solar=2229.1kW | BESS=75.9%/DIS | Grid= 131.1kW | EV=0.03 | Prio=+0.194 [HIGH]
    [EP 02] h= 6500/8760 | Solar=   0.0kW | BESS=51.7%/CHG | Grid=2142.1kW | EV=0.30 | Prio=+0.736 [HIGH]
    [STEP  49301] | Actor=-73.080 | Critic=0.002 | Q=73.0 | alpha=0.0031 | Buf=1.8% | Upd/s=0.50 | LR=2.3e-04
    [EP 02] h= 6600/8760 | Solar=   0.0kW | BESS=20.0%/DIS | Grid= 857.0kW | EV=22.61 | Prio=+1.352 [LOW]

====================================================================================================
[TIMESTEP 49,500] PROGRESO MULTIOBJETIVO SAC - 5.65 EPISODIOS
====================================================================================================
  [EXPLORACION]
    - Entropy coefficient (alpha): AUTO-TUNING (dinamico)
  [BUFFER DE EXPERIENCIAS]
    - Tamano actual:     5,699 / 300,000 (1.9%)
  [APRENDIZAJE]
    - Learning rate:     2.34e-04 (adaptativo (schedule))
    - Actualizaciones:   22,244 (gradient steps)
    - Ratio updates:     0.449 upd/step
  [LOSS FUNCTIONS]
    - Critic Loss (TD):  0.002021
    - Actor Loss:        -72.785759 [OK]
  [Q-VALUES (CRITIC)]
    - Mean Q1:        +72.765 +/- 0.251
    - Mean Q2:        +72.764
    - Mean Q (avg):   +72.765
  [ACCIONES]
    - Mean:           -0.040
    - Std:            0.600
    - Min/Max:        [-0.999, 0.998]
    - Saturacion:     55.0% en limites inferiores, 2.1% en superiores
  [ESTADO]
    - Episodios completos: 5
    - Horas simuladas:     49500 / 131,400

    [EP 02] h= 6700/8760 | Solar=   0.0kW | BESS=20.0%/CHG | Grid= 425.0kW | EV=0.35 | Prio=+0.000 
    [EP 02] h= 6800/8760 | Solar=1987.8kW | BESS=64.3%/CHG | Grid=   0.0kW | EV=52.34 | Prio=+0.000 [LOW]
    [EP 02] h= 6900/8760 | Solar=2886.7kW | BESS=100.0%/DIS | Grid=   0.0kW | EV=0.59 | Prio=+0.104 [MEDIUM]
    [EP 02] h= 7000/8760 | Solar=2020.5kW | BESS=75.9%/CHG | Grid= 333.9kW | EV=0.01 | Prio=-1.070 [HIGH]
    [STEP  49801] | Actor=-72.356 | Critic=0.001 | Q=72.3 | alpha=0.0029 | Buf=2.0% | Upd/s=0.50 | LR=2.3e-04
    [EP 02] h= 7100/8760 | Solar=   0.0kW | BESS=32.1%/CHG | Grid=2062.1kW | EV=0.28 | Prio=+1.524 [HIGH]

====================================================================================================
[TIMESTEP 50,000] PROGRESO MULTIOBJETIVO SAC - 5.71 EPISODIOS
====================================================================================================
  [EXPLORACION]
    - Entropy coefficient (alpha): AUTO-TUNING (dinamico)
  [BUFFER DE EXPERIENCIAS]
    - Tamano actual:     6,199 / 300,000 (2.1%)
  [APRENDIZAJE]
    - Learning rate:     2.32e-04 (adaptativo (schedule))
    - Actualizaciones:   22,494 (gradient steps)
    - Ratio updates:     0.450 upd/step
  [LOSS FUNCTIONS]
    - Critic Loss (TD):  0.006984
    - Actor Loss:        -72.115681 [OK]
  [Q-VALUES (CRITIC)]
    - Mean Q1:        +71.999 +/- 0.253
    - Mean Q2:        +72.002
    - Mean Q (avg):   +72.000
  [ACCIONES]
    - Mean:           -0.008
    - Std:            0.600
    - Min/Max:        [-0.999, 0.998]
    - Saturacion:     52.9% en limites inferiores, 1.9% en superiores
  [ESTADO]
    - Episodios completos: 5
    - Horas simuladas:     50000 / 131,400

    [EP 02] h= 7200/8760 | Solar=   0.0kW | BESS=20.0%/CHG | Grid= 700.0kW | EV=24.14 | Prio=+0.286 [LOW]
    [EP 02] h= 7300/8760 | Solar=   0.0kW | BESS=20.0%/CHG | Grid= 503.0kW | EV=0.00 | Prio=+0.000 
    [EP 02] h= 7400/8760 | Solar= 873.7kW | BESS=59.3%/CHG | Grid= 217.3kW | EV=57.79 | Prio=+0.000 [LOW]
    [EP 02] h= 7500/8760 | Solar=2886.7kW | BESS=100.0%/CHG | Grid=   0.0kW | EV=1.49 | Prio=+0.131 [MEDIUM]
    [STEP  50301] | Actor=-71.706 | Critic=0.002 | Q=71.6 | alpha=0.0027 | Buf=2.2% | Upd/s=0.50 | LR=2.3e-04
    [EP 02] h= 7600/8760 | Solar=1958.8kW | BESS=75.9%/CHG | Grid= 336.1kW | EV=0.01 | Prio=+1.123 [HIGH]

====================================================================================================
[TIMESTEP 50,500] PROGRESO MULTIOBJETIVO SAC - 5.76 EPISODIOS
====================================================================================================
  [EXPLORACION]
    - Entropy coefficient (alpha): AUTO-TUNING (dinamico)
  [BUFFER DE EXPERIENCIAS]
    - Tamano actual:     6,699 / 300,000 (2.2%)
  [APRENDIZAJE]
    - Learning rate:     2.31e-04 (adaptativo (schedule))
    - Actualizaciones:   22,744 (gradient steps)
    - Ratio updates:     0.450 upd/step
  [LOSS FUNCTIONS]
    - Critic Loss (TD):  0.003436
    - Actor Loss:        -71.414368 [OK]
  [Q-VALUES (CRITIC)]
    - Mean Q1:        +71.357 +/- 0.250
    - Mean Q2:        +71.363
    - Mean Q (avg):   +71.360
  [ACCIONES]
    - Mean:           -0.022
    - Std:            0.608
    - Min/Max:        [-0.999, 0.998]
    - Saturacion:     53.1% en limites inferiores, 2.3% en superiores
  [ESTADO]
    - Episodios completos: 5
    - Horas simuladas:     50500 / 131,400

    [EP 02] h= 7700/8760 | Solar=   0.0kW | BESS=51.7%/CHG | Grid=1847.0kW | EV=0.54 | Prio=+1.191 [HIGH]
    [EP 02] h= 7800/8760 | Solar=   0.0kW | BESS=20.0%/CHG | Grid= 695.0kW | EV=23.01 | Prio=+0.856 [LOW]
    [EP 02] h= 7900/8760 | Solar=   0.0kW | BESS=20.0%/DIS | Grid= 491.0kW | EV=0.00 | Prio=+0.000 
    [EP 02] h= 8000/8760 | Solar=1377.2kW | BESS=56.1%/DIS | Grid=   0.0kW | EV=74.34 | Prio=+0.000 [LOW]
    [STEP  50801] | Actor=-71.020 | Critic=0.001 | Q=71.0 | alpha=0.0026 | Buf=2.3% | Upd/s=0.50 | LR=2.3e-04
    [EP 02] h= 8100/8760 | Solar=2886.7kW | BESS=100.0%/CHG | Grid=   0.0kW | EV=0.67 | Prio=+0.497 [MEDIUM]

====================================================================================================
[TIMESTEP 51,000] PROGRESO MULTIOBJETIVO SAC - 5.82 EPISODIOS
====================================================================================================
  [EXPLORACION]
    - Entropy coefficient (alpha): AUTO-TUNING (dinamico)
  [BUFFER DE EXPERIENCIAS]
    - Tamano actual:     7,199 / 300,000 (2.4%)
  [APRENDIZAJE]
    - Learning rate:     2.30e-04 (adaptativo (schedule))
    - Actualizaciones:   22,994 (gradient steps)
    - Ratio updates:     0.451 upd/step
  [LOSS FUNCTIONS]
    - Critic Loss (TD):  0.001775
    - Actor Loss:        -70.785393 [OK]
  [Q-VALUES (CRITIC)]
    - Mean Q1:        +70.661 +/- 0.258
    - Mean Q2:        +70.662
    - Mean Q (avg):   +70.661
  [ACCIONES]
    - Mean:           -0.003
    - Std:            0.606
    - Min/Max:        [-0.998, 0.997]
    - Saturacion:     52.5% en limites inferiores, 2.3% en superiores
  [ESTADO]
    - Episodios completos: 5
    - Horas simuladas:     51000 / 131,400

    [EP 02] h= 8200/8760 | Solar=2090.2kW | BESS=75.9%/CHG | Grid= 265.2kW | EV=0.03 | Prio=+1.174 [HIGH]
    [EP 02] h= 8300/8760 | Solar=   0.0kW | BESS=51.7%/IDL | Grid=1840.7kW | EV=0.34 | Prio=+1.568 [HIGH]
    [EP 02] h= 8400/8760 | Solar=   0.0kW | BESS=20.0%/CHG | Grid= 930.0kW | EV=15.62 | Prio=+1.319 [LOW]
    [EP 02] h= 8500/8760 | Solar=   0.0kW | BESS=20.0%/DIS | Grid= 406.0kW | EV=0.00 | Prio=+0.000 
    [STEP  51301] | Actor=-70.377 | Critic=0.002 | Q=70.3 | alpha=0.0024 | Buf=2.5% | Upd/s=0.50 | LR=2.3e-04
    [EP 02] h= 8600/8760 | Solar= 108.7kW | BESS=28.6%/CHG | Grid= 714.0kW | EV=56.01 | Prio=+1.388 [LOW]

====================================================================================================
[TIMESTEP 51,500] PROGRESO MULTIOBJETIVO SAC - 5.88 EPISODIOS
====================================================================================================
  [EXPLORACION]
    - Entropy coefficient (alpha): AUTO-TUNING (dinamico)
  [BUFFER DE EXPERIENCIAS]
    - Tamano actual:     7,699 / 300,000 (2.6%)
  [APRENDIZAJE]
    - Learning rate:     2.28e-04 (adaptativo (schedule))
    - Actualizaciones:   23,244 (gradient steps)
    - Ratio updates:     0.451 upd/step
  [LOSS FUNCTIONS]
    - Critic Loss (TD):  0.006709
    - Actor Loss:        -70.095024 [OK]
  [Q-VALUES (CRITIC)]
    - Mean Q1:        +70.119 +/- 0.227
    - Mean Q2:        +70.132
    - Mean Q (avg):   +70.126
  [ACCIONES]
    - Mean:           -0.016
    - Std:            0.604
    - Min/Max:        [-0.995, 0.994]
    - Saturacion:     53.5% en limites inferiores, 2.5% en superiores
  [ESTADO]
    - Episodios completos: 5
    - Horas simuladas:     51500 / 131,400

    [EP 02] h= 8700/8760 | Solar=2536.9kW | BESS=100.0%/CHG | Grid=   0.0kW | EV=0.74 | Prio=+0.384 [MEDIUM]
    [EP 02]  EPISODIO COMPLETADO (MULTIOBJETIVO + PRIORIZACION SOC):
         Total Reward:               -3.59 pts
         Solar kWh:              8292514.1 kWh
         Grid Import:            6501980.4 kWh
         CO2 Avoided:            7581103.8 kg
         EV Satisfaction:       4274645.52 %
         Prioritization Rwd:       3474.51 pts
         Completion Reward:         438.31 pts

         --- DATOS REALES (DATASET BESS) ---
           Solar->EV (REAL):        179,587 kWh
           BESS->EV (REAL):         143,740 kWh
           Grid Import (REAL):   6,485,565 kWh
           CO2 Evitado (REAL):     279,679 kg
           Costo Grid (REAL): 2,300,787.03 soles
           Ahorro Pico (REAL):  182,247.54 soles

         --- BESS AGENTE ---
             BESS Descarga:        677835.7 kWh
             BESS Carga:           790715.6 kWh
             BESS Ciclos:              2933

         --- CO2 CALCULADO ---
           CO2 Directo Evit:       396,153 kg (vs gasolina)
           CO2 Ind. Evit:          279,679 kg (solar vs grid)
           CO2 Grid Emitido:     2,939,545 kg
         --- COSTOS CALCULADOS ---
           Costo Grid:        2,300,787.03 soles
           Ahorro Solar:      1,595,159.54 soles
           Ahorro BESS:         182,247.54 soles

          MOTOS @ SOC:     10%=  9 | 20%=  7 | 30%= 20 | 50%= 16 | 70%= 11 | 80%= 15 | 100%=  0
          MOTOTAXIS @ SOC:  10%=  4 | 20%=  6 | 30%=  7 | 50%=  6 | 70%=  4 | 80%=  6 | 100%=  0
          PRIORIZACION:     Accuracy=50.6% | Decisiones bajo escasez: 6556
          CARGADOS AL 100%: 52635 vehiculos
         Pesos usados:        CO2=0.35 | Solar=0.20 | EV=0.30 | Prio=0.02


====================================================================================================
[EPISODIO 1 COMPLETADO] Timestep 51,561 / 131,400
====================================================================================================
[LOSSES]
  - Critic Loss (TD):        +0.001838 (entrenamiento mas estable)
  - Actor Loss (POLICY):     -70.377144 (aprendiendo mejores acciones)
[EXPLORACION]
  - Entropy (policy):        +0.000000 (varianza en acciones)
  - Alpha (alpha):           +0.002425 (peso de entropy)
[MULTIOBJETIVO - CO2]
  - CO2 GRID (actual):       2,585,951.4 kg (importacion desde grid termico)
  - CO2 BASELINE:            3,232,439.2 kg (sin control RL)
  - REDUCCION CO2:           +20.0% (objetivo principal)
[MULTIOBJETIVO - SOLAR]
  - PV Utilizado:            7,404,273.7 kWh (de 8.29 GWh/ano)
[MULTIOBJETIVO - CARGA EV]
  - EVs Cargados:            0.0 kWh (motos + mototaxis)
[MULTIOBJETIVO - BESS]
  - Descarga BESS:           0.0 kWh (alimentar carga)
  - Carga BESS:              0.0 kWh (from solar)
  - Eficiencia implicita:    0.0% (discharge/charge ratio)
[MULTIOBJETIVO - GRID]
  - Importacion neta:        5,719,865.9 kWh (necesaria)
[RECOMPENSA TOTAL]
  - Reward episodio:         -2.89 pts (suma ponderada multiobjetivo)
[PROGRESO]
  - Entrenamiento:           39.2% completado
  - Episodios:               1 / 15

---------------------------------
| rollout/           |          |
|    ep_len_mean     | 8.76e+03 |
|    ep_rew_mean     | -3.73    |
| time/              |          |
|    episodes        | 5        |
|    fps             | 165      |
|    time_elapsed    | 46       |
|    total_timesteps | 51561    |
| train/             |          |
|    actor_loss      | -70.1    |
|    critic_loss     | 0.00373  |
|    ent_coef        | 0.00235  |
|    ent_coef_loss   | -276     |
|    learning_rate   | 0.000228 |
|    n_updates       | 23276    |
---------------------------------
    [EP 03] h=  100/8760 | Solar=   0.0kW | BESS=20.0%/DIS | Grid= 584.0kW | EV=0.00 | Prio=+0.000 
    [EP 03] h=  200/8760 | Solar= 509.3kW | BESS=47.2%/DIS | Grid= 653.7kW | EV=50.78 | Prio=+0.558 [LOW]
    [STEP  51801] | Actor=-68.442 | Critic=2.245 | Q=68.9 | alpha=0.0023 | Buf=2.7% | Upd/s=0.50 | LR=2.3e-04
    [EP 03] h=  300/8760 | Solar=2886.7kW | BESS=100.0%/CHG | Grid=   0.0kW | EV=0.19 | Prio=+0.206 [MEDIUM]
    [EP 03] h=  400/8760 | Solar=1858.7kW | BESS=75.9%/DIS | Grid=  70.1kW | EV=0.01 | Prio=+0.448 [HIGH]

====================================================================================================
[TIMESTEP 52,000] PROGRESO MULTIOBJETIVO SAC - 5.94 EPISODIOS
====================================================================================================
  [EXPLORACION]
    - Entropy coefficient (alpha): AUTO-TUNING (dinamico)
  [BUFFER DE EXPERIENCIAS]
    - Tamano actual:     8,199 / 300,000 (2.7%)
  [APRENDIZAJE]
    - Learning rate:     2.27e-04 (adaptativo (schedule))
    - Actualizaciones:   23,494 (gradient steps)
    - Ratio updates:     0.452 upd/step
  [LOSS FUNCTIONS]
    - Critic Loss (TD):  0.002185
    - Actor Loss:        -69.429432 [OK]
  [Q-VALUES (CRITIC)]
    - Mean Q1:        +69.382 +/- 0.285
    - Mean Q2:        +69.380
    - Mean Q (avg):   +69.381
  [ACCIONES]
    - Mean:           -0.010
    - Std:            0.606
    - Min/Max:        [-1.000, 0.998]
    - Saturacion:     52.4% en limites inferiores, 2.0% en superiores
  [ESTADO]
    - Episodios completos: 5
    - Horas simuladas:     52000 / 131,400

    [EP 03] h=  500/8760 | Solar=   0.0kW | BESS=27.6%/CHG | Grid=1798.3kW | EV=0.27 | Prio=+0.844 [HIGH]
    [EP 03] h=  600/8760 | Solar=   0.0kW | BESS=20.0%/CHG | Grid= 718.0kW | EV=12.68 | Prio=+1.653 [LOW]
    [EP 03] h=  700/8760 | Solar=   0.0kW | BESS=20.0%/IDL | Grid= 604.0kW | EV=0.00 | Prio=+0.000 
    [STEP  52301] | Actor=-69.018 | Critic=0.001 | Q=69.0 | alpha=0.0023 | Buf=2.8% | Upd/s=0.50 | LR=2.3e-04
    [EP 03] h=  800/8760 | Solar= 773.5kW | BESS=42.9%/CHG | Grid= 262.5kW | EV=37.26 | Prio=+0.000 [LOW]
    [EP 03] h=  900/8760 | Solar=2883.0kW | BESS=100.0%/DIS | Grid=   0.0kW | EV=0.39 | Prio=+0.229 [MEDIUM]

====================================================================================================
[TIMESTEP 52,500] PROGRESO MULTIOBJETIVO SAC - 5.99 EPISODIOS
====================================================================================================
  [EXPLORACION]
    - Entropy coefficient (alpha): AUTO-TUNING (dinamico)
  [BUFFER DE EXPERIENCIAS]
    - Tamano actual:     8,699 / 300,000 (2.9%)
  [APRENDIZAJE]
    - Learning rate:     2.25e-04 (adaptativo (schedule))
    - Actualizaciones:   23,744 (gradient steps)
    - Ratio updates:     0.452 upd/step
  [LOSS FUNCTIONS]
    - Critic Loss (TD):  0.001590
    - Actor Loss:        -68.792179 [OK]
  [Q-VALUES (CRITIC)]
    - Mean Q1:        +68.684 +/- 0.301
    - Mean Q2:        +68.684
    - Mean Q (avg):   +68.684
  [ACCIONES]
    - Mean:           -0.014
    - Std:            0.612
    - Min/Max:        [-0.997, 0.997]
    - Saturacion:     52.6% en limites inferiores, 2.2% en superiores
  [ESTADO]
    - Episodios completos: 5
    - Horas simuladas:     52500 / 131,400

    [EP 03] h= 1000/8760 | Solar=1792.4kW | BESS=75.9%/DIS | Grid=  66.6kW | EV=0.02 | Prio=+1.455 [HIGH]
    [EP 04] h=  100/8760 | Solar=   0.0kW | BESS=20.0%/CHG | Grid= 584.0kW | EV=0.00 | Prio=+0.000 
    [EP 04] h=  200/8760 | Solar= 509.3kW | BESS=47.2%/CHG | Grid= 653.7kW | EV=72.10 | Prio=+0.520 [LOW]
    [EP 04] h=  300/8760 | Solar=2886.7kW | BESS=100.0%/CHG | Grid=   0.0kW | EV=0.76 | Prio=+0.265 [MEDIUM]
    [EP 04] h=  400/8760 | Solar=1858.7kW | BESS=75.9%/CHG | Grid= 110.2kW | EV=0.01 | Prio=+1.380 [HIGH]
    [EP 04] h=  500/8760 | Solar=   0.0kW | BESS=27.6%/CHG | Grid=1798.3kW | EV=0.28 | Prio=-0.088 [HIGH]
    [EP 04] h=  600/8760 | Solar=   0.0kW | BESS=20.0%/CHG | Grid= 718.0kW | EV=22.04 | Prio=+0.806 [LOW]
    [EP 04] h=  700/8760 | Solar=   0.0kW | BESS=20.0%/CHG | Grid= 604.0kW | EV=0.00 | Prio=+0.000 
    [EP 04] h=  800/8760 | Solar= 773.5kW | BESS=42.9%/CHG | Grid= 262.5kW | EV=68.71 | Prio=+0.000 [LOW]
    [EP 04] h=  900/8760 | Solar=2883.0kW | BESS=100.0%/CHG | Grid=   0.0kW | EV=0.49 | Prio=+0.340 [MEDIUM]
    [EP 04] h= 1000/8760 | Solar=1792.4kW | BESS=75.9%/CHG | Grid=  66.6kW | EV=0.01 | Prio=+1.454 [HIGH]
    [EVAL] Step  52561 | Deterministic Return: -0.60

[USUARIO] Entrenamiento interrumpido por usuario
[OK] Checkpoint final guardado: sac_model_final_20260214_215349.zip

  GUARDANDO ARCHIVOS DE SALIDA:
    [OK] trace_sac.csv: 8,812 registros -> outputs\sac_training\trace_sac.csv
    [OK] timeseries_sac.csv: 8,812 registros -> outputs\sac_training\timeseries_sac.csv
    [OK] result_sac.json: Resumen completo -> outputs\sac_training\result_sac.json

  ARCHIVOS GENERADOS:
    [OK] outputs\sac_training/result_sac.json
    [OK] outputs\sac_training/timeseries_sac.csv
    [OK] outputs\sac_training/trace_sac.csv

================================================================================
Fin: 2026-02-14 21:53:49
================================================================================
  10% --                         8,812/87,600  [ 0:00:54 < 0:08:14 , 160 it/s ]
